{"/home/illnar/Projects/PowerCV/frontend/src/api/resumes.ts": {"path":"/home/illnar/Projects/PowerCV/frontend/src/api/resumes.ts","statementMap":{"0":{"start":{"line":5,"column":26},"end":{"line":72,"column":null}},"1":{"start":{"line":7,"column":21},"end":{"line":9,"column":null}},"2":{"start":{"line":10,"column":4},"end":{"line":10,"column":null}},"3":{"start":{"line":14,"column":21},"end":{"line":14,"column":null}},"4":{"start":{"line":15,"column":4},"end":{"line":15,"column":null}},"5":{"start":{"line":19,"column":21},"end":{"line":21,"column":null}},"6":{"start":{"line":22,"column":4},"end":{"line":22,"column":null}},"7":{"start":{"line":26,"column":4},"end":{"line":26,"column":null}},"8":{"start":{"line":30,"column":21},"end":{"line":32,"column":null}},"9":{"start":{"line":33,"column":4},"end":{"line":33,"column":null}},"10":{"start":{"line":37,"column":21},"end":{"line":39,"column":null}},"11":{"start":{"line":40,"column":4},"end":{"line":40,"column":null}},"12":{"start":{"line":44,"column":21},"end":{"line":48,"column":null}},"13":{"start":{"line":49,"column":4},"end":{"line":49,"column":null}},"14":{"start":{"line":53,"column":21},"end":{"line":57,"column":null}},"15":{"start":{"line":58,"column":4},"end":{"line":58,"column":null}},"16":{"start":{"line":62,"column":21},"end":{"line":64,"column":null}},"17":{"start":{"line":65,"column":4},"end":{"line":65,"column":null}},"18":{"start":{"line":69,"column":21},"end":{"line":69,"column":null}},"19":{"start":{"line":70,"column":4},"end":{"line":70,"column":null}}},"fnMap":{"0":{"name":"(anonymous_0)","decl":{"start":{"line":6,"column":14},"end":{"line":6,"column":21}},"loc":{"start":{"line":6,"column":77},"end":{"line":11,"column":null}},"line":6},"1":{"name":"(anonymous_1)","decl":{"start":{"line":13,"column":13},"end":{"line":13,"column":20}},"loc":{"start":{"line":13,"column":35},"end":{"line":16,"column":null}},"line":13},"2":{"name":"(anonymous_2)","decl":{"start":{"line":18,"column":16},"end":{"line":18,"column":23}},"loc":{"start":{"line":18,"column":54},"end":{"line":23,"column":null}},"line":18},"3":{"name":"(anonymous_3)","decl":{"start":{"line":25,"column":16},"end":{"line":25,"column":23}},"loc":{"start":{"line":25,"column":38},"end":{"line":27,"column":null}},"line":25},"4":{"name":"(anonymous_4)","decl":{"start":{"line":29,"column":18},"end":{"line":29,"column":25}},"loc":{"start":{"line":29,"column":40},"end":{"line":34,"column":null}},"line":29},"5":{"name":"(anonymous_5)","decl":{"start":{"line":36,"column":23},"end":{"line":36,"column":30}},"loc":{"start":{"line":36,"column":45},"end":{"line":41,"column":null}},"line":36},"6":{"name":"(anonymous_6)","decl":{"start":{"line":43,"column":16},"end":{"line":43,"column":23}},"loc":{"start":{"line":43,"column":46},"end":{"line":50,"column":null}},"line":43},"7":{"name":"(anonymous_7)","decl":{"start":{"line":52,"column":18},"end":{"line":52,"column":25}},"loc":{"start":{"line":52,"column":109},"end":{"line":59,"column":null}},"line":52},"8":{"name":"(anonymous_8)","decl":{"start":{"line":61,"column":15},"end":{"line":61,"column":22}},"loc":{"start":{"line":61,"column":61},"end":{"line":66,"column":null}},"line":61},"9":{"name":"(anonymous_9)","decl":{"start":{"line":68,"column":16},"end":{"line":68,"column":28}},"loc":{"start":{"line":68,"column":28},"end":{"line":71,"column":null}},"line":68}},"branchMap":{"0":{"loc":{"start":{"line":6,"column":49},"end":{"line":6,"column":59}},"type":"default-arg","locations":[{"start":{"line":6,"column":56},"end":{"line":6,"column":59}}],"line":6},"1":{"loc":{"start":{"line":6,"column":59},"end":{"line":6,"column":77}},"type":"default-arg","locations":[{"start":{"line":6,"column":70},"end":{"line":6,"column":77}}],"line":6}},"s":{"0":1,"1":1,"2":1,"3":1,"4":1,"5":1,"6":1,"7":1,"8":1,"9":1,"10":0,"11":0,"12":1,"13":1,"14":1,"15":1,"16":1,"17":1,"18":1,"19":1},"f":{"0":1,"1":1,"2":1,"3":1,"4":1,"5":0,"6":1,"7":1,"8":1,"9":1},"b":{"0":[1],"1":[1]},"meta":{"lastBranch":2,"lastFunction":10,"lastStatement":20,"seen":{"s:5:26:72:Infinity":0,"f:6:14:6:21":0,"b:6:56:6:59":0,"b:6:70:6:77":1,"s:7:21:9:Infinity":1,"s:10:4:10:Infinity":2,"f:13:13:13:20":1,"s:14:21:14:Infinity":3,"s:15:4:15:Infinity":4,"f:18:16:18:23":2,"s:19:21:21:Infinity":5,"s:22:4:22:Infinity":6,"f:25:16:25:23":3,"s:26:4:26:Infinity":7,"f:29:18:29:25":4,"s:30:21:32:Infinity":8,"s:33:4:33:Infinity":9,"f:36:23:36:30":5,"s:37:21:39:Infinity":10,"s:40:4:40:Infinity":11,"f:43:16:43:23":6,"s:44:21:48:Infinity":12,"s:49:4:49:Infinity":13,"f:52:18:52:25":7,"s:53:21:57:Infinity":14,"s:58:4:58:Infinity":15,"f:61:15:61:22":8,"s:62:21:64:Infinity":16,"s:65:4:65:Infinity":17,"f:68:16:68:28":9,"s:69:21:69:Infinity":18,"s:70:4:70:Infinity":19}}}
,"/home/illnar/Projects/PowerCV/frontend/src/components/analysis/ATSScoreDisplay.tsx": {"path":"/home/illnar/Projects/PowerCV/frontend/src/components/analysis/ATSScoreDisplay.tsx","statementMap":{"0":{"start":{"line":14,"column":8},"end":{"line":14,"column":null}},"1":{"start":{"line":15,"column":8},"end":{"line":15,"column":null}},"2":{"start":{"line":16,"column":26},"end":{"line":16,"column":null}},"3":{"start":{"line":18,"column":23},"end":{"line":23,"column":null}},"4":{"start":{"line":19,"column":4},"end":{"line":19,"column":null}},"5":{"start":{"line":19,"column":24},"end":{"line":19,"column":null}},"6":{"start":{"line":20,"column":4},"end":{"line":20,"column":null}},"7":{"start":{"line":20,"column":31},"end":{"line":20,"column":null}},"8":{"start":{"line":21,"column":4},"end":{"line":21,"column":null}},"9":{"start":{"line":21,"column":31},"end":{"line":21,"column":null}},"10":{"start":{"line":22,"column":4},"end":{"line":22,"column":null}},"11":{"start":{"line":25,"column":26},"end":{"line":36,"column":null}},"12":{"start":{"line":26,"column":4},"end":{"line":28,"column":null}},"13":{"start":{"line":27,"column":6},"end":{"line":27,"column":null}},"14":{"start":{"line":29,"column":4},"end":{"line":31,"column":null}},"15":{"start":{"line":30,"column":6},"end":{"line":30,"column":null}},"16":{"start":{"line":32,"column":4},"end":{"line":34,"column":null}},"17":{"start":{"line":33,"column":6},"end":{"line":33,"column":null}},"18":{"start":{"line":35,"column":4},"end":{"line":35,"column":null}},"19":{"start":{"line":38,"column":2},"end":{"line":90,"column":null}}},"fnMap":{"0":{"name":"ATSScoreDisplay","decl":{"start":{"line":13,"column":16},"end":{"line":13,"column":32}},"loc":{"start":{"line":13,"column":96},"end":{"line":92,"column":null}},"line":13},"1":{"name":"(anonymous_1)","decl":{"start":{"line":18,"column":23},"end":{"line":18,"column":29}},"loc":{"start":{"line":18,"column":29},"end":{"line":23,"column":null}},"line":18},"2":{"name":"(anonymous_2)","decl":{"start":{"line":25,"column":26},"end":{"line":25,"column":32}},"loc":{"start":{"line":25,"column":32},"end":{"line":36,"column":null}},"line":25}},"branchMap":{"0":{"loc":{"start":{"line":13,"column":56},"end":{"line":13,"column":71}},"type":"default-arg","locations":[{"start":{"line":13,"column":68},"end":{"line":13,"column":71}}],"line":13},"1":{"loc":{"start":{"line":19,"column":4},"end":{"line":19,"column":null}},"type":"if","locations":[{"start":{"line":19,"column":4},"end":{"line":19,"column":null}},{"start":{},"end":{}}],"line":19},"2":{"loc":{"start":{"line":20,"column":4},"end":{"line":20,"column":null}},"type":"if","locations":[{"start":{"line":20,"column":4},"end":{"line":20,"column":null}},{"start":{},"end":{}}],"line":20},"3":{"loc":{"start":{"line":21,"column":4},"end":{"line":21,"column":null}},"type":"if","locations":[{"start":{"line":21,"column":4},"end":{"line":21,"column":null}},{"start":{},"end":{}}],"line":21},"4":{"loc":{"start":{"line":26,"column":4},"end":{"line":28,"column":null}},"type":"if","locations":[{"start":{"line":26,"column":4},"end":{"line":28,"column":null}},{"start":{},"end":{}}],"line":26},"5":{"loc":{"start":{"line":29,"column":4},"end":{"line":31,"column":null}},"type":"if","locations":[{"start":{"line":29,"column":4},"end":{"line":31,"column":null}},{"start":{},"end":{}}],"line":29},"6":{"loc":{"start":{"line":32,"column":4},"end":{"line":34,"column":null}},"type":"if","locations":[{"start":{"line":32,"column":4},"end":{"line":34,"column":null}},{"start":{},"end":{}}],"line":32},"7":{"loc":{"start":{"line":53,"column":30},"end":{"line":53,"column":null}},"type":"cond-expr","locations":[{"start":{"line":53,"column":67},"end":{"line":53,"column":79}},{"start":{"line":53,"column":79},"end":{"line":53,"column":null}}],"line":53},"8":{"loc":{"start":{"line":56,"column":15},"end":{"line":59,"column":null}},"type":"binary-expr","locations":[{"start":{"line":56,"column":15},"end":{"line":56,"column":null}},{"start":{"line":57,"column":16},"end":{"line":59,"column":null}}],"line":56}},"s":{"0":1,"1":1,"2":1,"3":1,"4":1,"5":1,"6":0,"7":0,"8":0,"9":0,"10":0,"11":1,"12":1,"13":0,"14":1,"15":1,"16":0,"17":0,"18":0,"19":1},"f":{"0":1,"1":1,"2":1},"b":{"0":[1],"1":[1,0],"2":[0,0],"3":[0,0],"4":[0,1],"5":[1,0],"6":[0,0],"7":[1,0],"8":[1,0]},"meta":{"lastBranch":9,"lastFunction":3,"lastStatement":20,"seen":{"f:13:16:13:32":0,"b:13:68:13:71":0,"s:14:8:14:Infinity":0,"s:15:8:15:Infinity":1,"s:16:26:16:Infinity":2,"s:18:23:23:Infinity":3,"f:18:23:18:29":1,"b:19:4:19:Infinity:undefined:undefined:undefined:undefined":1,"s:19:4:19:Infinity":4,"s:19:24:19:Infinity":5,"b:20:4:20:Infinity:undefined:undefined:undefined:undefined":2,"s:20:4:20:Infinity":6,"s:20:31:20:Infinity":7,"b:21:4:21:Infinity:undefined:undefined:undefined:undefined":3,"s:21:4:21:Infinity":8,"s:21:31:21:Infinity":9,"s:22:4:22:Infinity":10,"s:25:26:36:Infinity":11,"f:25:26:25:32":2,"b:26:4:28:Infinity:undefined:undefined:undefined:undefined":4,"s:26:4:28:Infinity":12,"s:27:6:27:Infinity":13,"b:29:4:31:Infinity:undefined:undefined:undefined:undefined":5,"s:29:4:31:Infinity":14,"s:30:6:30:Infinity":15,"b:32:4:34:Infinity:undefined:undefined:undefined:undefined":6,"s:32:4:34:Infinity":16,"s:33:6:33:Infinity":17,"s:35:4:35:Infinity":18,"s:38:2:90:Infinity":19,"b:53:67:53:79:53:79:53:Infinity":7,"b:56:15:56:Infinity:57:16:59:Infinity":8}}}
,"/home/illnar/Projects/PowerCV/frontend/src/components/analysis/RecommendationsList.tsx": {"path":"/home/illnar/Projects/PowerCV/frontend/src/components/analysis/RecommendationsList.tsx","statementMap":{"0":{"start":{"line":11,"column":24},"end":{"line":20,"column":null}},"1":{"start":{"line":12,"column":2},"end":{"line":19,"column":null}},"2":{"start":{"line":14,"column":6},"end":{"line":14,"column":null}},"3":{"start":{"line":16,"column":6},"end":{"line":16,"column":null}},"4":{"start":{"line":18,"column":6},"end":{"line":18,"column":null}},"5":{"start":{"line":22,"column":25},"end":{"line":31,"column":null}},"6":{"start":{"line":23,"column":2},"end":{"line":30,"column":null}},"7":{"start":{"line":25,"column":6},"end":{"line":25,"column":null}},"8":{"start":{"line":27,"column":6},"end":{"line":27,"column":null}},"9":{"start":{"line":29,"column":6},"end":{"line":29,"column":null}},"10":{"start":{"line":33,"column":30},"end":{"line":42,"column":null}},"11":{"start":{"line":34,"column":2},"end":{"line":41,"column":null}},"12":{"start":{"line":36,"column":6},"end":{"line":36,"column":null}},"13":{"start":{"line":38,"column":6},"end":{"line":38,"column":null}},"14":{"start":{"line":40,"column":6},"end":{"line":40,"column":null}},"15":{"start":{"line":44,"column":24},"end":{"line":55,"column":null}},"16":{"start":{"line":45,"column":2},"end":{"line":54,"column":null}},"17":{"start":{"line":47,"column":6},"end":{"line":47,"column":null}},"18":{"start":{"line":49,"column":6},"end":{"line":49,"column":null}},"19":{"start":{"line":51,"column":6},"end":{"line":51,"column":null}},"20":{"start":{"line":53,"column":6},"end":{"line":53,"column":null}},"21":{"start":{"line":58,"column":33},"end":{"line":64,"column":null}},"22":{"start":{"line":59,"column":4},"end":{"line":61,"column":null}},"23":{"start":{"line":60,"column":6},"end":{"line":60,"column":null}},"24":{"start":{"line":62,"column":4},"end":{"line":62,"column":null}},"25":{"start":{"line":63,"column":4},"end":{"line":63,"column":null}},"26":{"start":{"line":66,"column":24},"end":{"line":69,"column":null}},"27":{"start":{"line":67,"column":4},"end":{"line":67,"column":null}},"28":{"start":{"line":68,"column":4},"end":{"line":68,"column":null}},"29":{"start":{"line":71,"column":2},"end":{"line":91,"column":null}},"30":{"start":{"line":72,"column":4},"end":{"line":89,"column":null}},"31":{"start":{"line":93,"column":2},"end":{"line":157,"column":null}},"32":{"start":{"line":122,"column":10},"end":{"line":154,"column":null}},"33":{"start":{"line":133,"column":16},"end":{"line":151,"column":null}}},"fnMap":{"0":{"name":"(anonymous_0)","decl":{"start":{"line":11,"column":24},"end":{"line":11,"column":25}},"loc":{"start":{"line":11,"column":66},"end":{"line":20,"column":null}},"line":11},"1":{"name":"(anonymous_1)","decl":{"start":{"line":22,"column":25},"end":{"line":22,"column":26}},"loc":{"start":{"line":22,"column":67},"end":{"line":31,"column":null}},"line":22},"2":{"name":"(anonymous_2)","decl":{"start":{"line":33,"column":30},"end":{"line":33,"column":31}},"loc":{"start":{"line":33,"column":72},"end":{"line":42,"column":null}},"line":33},"3":{"name":"(anonymous_3)","decl":{"start":{"line":44,"column":24},"end":{"line":44,"column":25}},"loc":{"start":{"line":44,"column":66},"end":{"line":55,"column":null}},"line":44},"4":{"name":"RecommendationsList","decl":{"start":{"line":57,"column":16},"end":{"line":57,"column":36}},"loc":{"start":{"line":57,"column":99},"end":{"line":159,"column":null}},"line":57},"5":{"name":"(anonymous_5)","decl":{"start":{"line":58,"column":56},"end":{"line":58,"column":57}},"loc":{"start":{"line":58,"column":70},"end":{"line":64,"column":5}},"line":58},"6":{"name":"(anonymous_6)","decl":{"start":{"line":66,"column":47},"end":{"line":66,"column":48}},"loc":{"start":{"line":66,"column":61},"end":{"line":69,"column":5}},"line":66},"7":{"name":"(anonymous_7)","decl":{"start":{"line":121,"column":52},"end":{"line":121,"column":53}},"loc":{"start":{"line":122,"column":10},"end":{"line":154,"column":null}},"line":122},"8":{"name":"(anonymous_8)","decl":{"start":{"line":132,"column":24},"end":{"line":132,"column":25}},"loc":{"start":{"line":133,"column":16},"end":{"line":151,"column":null}},"line":133}},"branchMap":{"0":{"loc":{"start":{"line":12,"column":2},"end":{"line":19,"column":null}},"type":"switch","locations":[{"start":{"line":13,"column":4},"end":{"line":14,"column":null}},{"start":{"line":15,"column":4},"end":{"line":16,"column":null}},{"start":{"line":17,"column":4},"end":{"line":18,"column":null}}],"line":12},"1":{"loc":{"start":{"line":23,"column":2},"end":{"line":30,"column":null}},"type":"switch","locations":[{"start":{"line":24,"column":4},"end":{"line":25,"column":null}},{"start":{"line":26,"column":4},"end":{"line":27,"column":null}},{"start":{"line":28,"column":4},"end":{"line":29,"column":null}}],"line":23},"2":{"loc":{"start":{"line":34,"column":2},"end":{"line":41,"column":null}},"type":"switch","locations":[{"start":{"line":35,"column":4},"end":{"line":36,"column":null}},{"start":{"line":37,"column":4},"end":{"line":38,"column":null}},{"start":{"line":39,"column":4},"end":{"line":40,"column":null}}],"line":34},"3":{"loc":{"start":{"line":45,"column":2},"end":{"line":54,"column":null}},"type":"switch","locations":[{"start":{"line":46,"column":4},"end":{"line":47,"column":null}},{"start":{"line":48,"column":4},"end":{"line":49,"column":null}},{"start":{"line":50,"column":4},"end":{"line":51,"column":null}},{"start":{"line":52,"column":4},"end":{"line":53,"column":null}}],"line":45},"4":{"loc":{"start":{"line":57,"column":55},"end":{"line":57,"column":70}},"type":"default-arg","locations":[{"start":{"line":57,"column":67},"end":{"line":57,"column":70}}],"line":57},"5":{"loc":{"start":{"line":59,"column":4},"end":{"line":61,"column":null}},"type":"if","locations":[{"start":{"line":59,"column":4},"end":{"line":61,"column":null}},{"start":{},"end":{}}],"line":59},"6":{"loc":{"start":{"line":67,"column":25},"end":{"line":67,"column":51}},"type":"binary-expr","locations":[{"start":{"line":67,"column":25},"end":{"line":67,"column":46}},{"start":{"line":67,"column":46},"end":{"line":67,"column":51}}],"line":67},"7":{"loc":{"start":{"line":71,"column":2},"end":{"line":91,"column":null}},"type":"if","locations":[{"start":{"line":71,"column":2},"end":{"line":91,"column":null}},{"start":{},"end":{}}],"line":71},"8":{"loc":{"start":{"line":102,"column":13},"end":{"line":105,"column":null}},"type":"binary-expr","locations":[{"start":{"line":102,"column":13},"end":{"line":102,"column":null}},{"start":{"line":103,"column":14},"end":{"line":105,"column":null}}],"line":102},"9":{"loc":{"start":{"line":107,"column":13},"end":{"line":110,"column":null}},"type":"binary-expr","locations":[{"start":{"line":107,"column":13},"end":{"line":107,"column":null}},{"start":{"line":108,"column":14},"end":{"line":110,"column":null}}],"line":107},"10":{"loc":{"start":{"line":112,"column":13},"end":{"line":115,"column":null}},"type":"binary-expr","locations":[{"start":{"line":112,"column":13},"end":{"line":112,"column":null}},{"start":{"line":113,"column":14},"end":{"line":115,"column":null}}],"line":112}},"s":{"0":1,"1":1,"2":1,"3":0,"4":0,"5":1,"6":1,"7":1,"8":0,"9":0,"10":1,"11":1,"12":1,"13":0,"14":0,"15":1,"16":1,"17":1,"18":0,"19":0,"20":0,"21":1,"22":1,"23":1,"24":1,"25":1,"26":1,"27":1,"28":1,"29":1,"30":0,"31":1,"32":1,"33":1},"f":{"0":1,"1":1,"2":1,"3":1,"4":1,"5":1,"6":1,"7":1,"8":1},"b":{"0":[1,0,0],"1":[1,0,0],"2":[1,0,0],"3":[1,0,0,0],"4":[1],"5":[1,0],"6":[1,1],"7":[0,1],"8":[1,1],"9":[1,0],"10":[1,0]},"meta":{"lastBranch":11,"lastFunction":9,"lastStatement":34,"seen":{"s:11:24:20:Infinity":0,"f:11:24:11:25":0,"b:13:4:14:Infinity:15:4:16:Infinity:17:4:18:Infinity":0,"s:12:2:19:Infinity":1,"s:14:6:14:Infinity":2,"s:16:6:16:Infinity":3,"s:18:6:18:Infinity":4,"s:22:25:31:Infinity":5,"f:22:25:22:26":1,"b:24:4:25:Infinity:26:4:27:Infinity:28:4:29:Infinity":1,"s:23:2:30:Infinity":6,"s:25:6:25:Infinity":7,"s:27:6:27:Infinity":8,"s:29:6:29:Infinity":9,"s:33:30:42:Infinity":10,"f:33:30:33:31":2,"b:35:4:36:Infinity:37:4:38:Infinity:39:4:40:Infinity":2,"s:34:2:41:Infinity":11,"s:36:6:36:Infinity":12,"s:38:6:38:Infinity":13,"s:40:6:40:Infinity":14,"s:44:24:55:Infinity":15,"f:44:24:44:25":3,"b:46:4:47:Infinity:48:4:49:Infinity:50:4:51:Infinity:52:4:53:Infinity":3,"s:45:2:54:Infinity":16,"s:47:6:47:Infinity":17,"s:49:6:49:Infinity":18,"s:51:6:51:Infinity":19,"s:53:6:53:Infinity":20,"f:57:16:57:36":4,"b:57:67:57:70":4,"s:58:33:64:Infinity":21,"f:58:56:58:57":5,"b:59:4:61:Infinity:undefined:undefined:undefined:undefined":5,"s:59:4:61:Infinity":22,"s:60:6:60:Infinity":23,"s:62:4:62:Infinity":24,"s:63:4:63:Infinity":25,"s:66:24:69:Infinity":26,"f:66:47:66:48":6,"s:67:4:67:Infinity":27,"b:67:25:67:46:67:46:67:51":6,"s:68:4:68:Infinity":28,"b:71:2:91:Infinity:undefined:undefined:undefined:undefined":7,"s:71:2:91:Infinity":29,"s:72:4:89:Infinity":30,"s:93:2:157:Infinity":31,"b:102:13:102:Infinity:103:14:105:Infinity":8,"b:107:13:107:Infinity:108:14:110:Infinity":9,"b:112:13:112:Infinity:113:14:115:Infinity":10,"f:121:52:121:53":7,"s:122:10:154:Infinity":32,"f:132:24:132:25":8,"s:133:16:151:Infinity":33}}}
,"/home/illnar/Projects/PowerCV/frontend/src/components/analysis/SkillsMatch.tsx": {"path":"/home/illnar/Projects/PowerCV/frontend/src/components/analysis/SkillsMatch.tsx","statementMap":{"0":{"start":{"line":12,"column":26},"end":{"line":14,"column":null}},"1":{"start":{"line":16,"column":2},"end":{"line":81,"column":null}},"2":{"start":{"line":41,"column":16},"end":{"line":43,"column":null}},"3":{"start":{"line":58,"column":18},"end":{"line":61,"column":null}}},"fnMap":{"0":{"name":"SkillsMatch","decl":{"start":{"line":11,"column":16},"end":{"line":11,"column":28}},"loc":{"start":{"line":11,"column":96},"end":{"line":83,"column":null}},"line":11},"1":{"name":"(anonymous_1)","decl":{"start":{"line":40,"column":33},"end":{"line":40,"column":34}},"loc":{"start":{"line":41,"column":16},"end":{"line":43,"column":null}},"line":41},"2":{"name":"(anonymous_2)","decl":{"start":{"line":57,"column":35},"end":{"line":57,"column":36}},"loc":{"start":{"line":58,"column":18},"end":{"line":61,"column":null}},"line":58}},"branchMap":{"0":{"loc":{"start":{"line":11,"column":60},"end":{"line":11,"column":75}},"type":"default-arg","locations":[{"start":{"line":11,"column":72},"end":{"line":11,"column":75}}],"line":11},"1":{"loc":{"start":{"line":12,"column":26},"end":{"line":14,"column":null}},"type":"cond-expr","locations":[{"start":{"line":13,"column":6},"end":{"line":13,"column":null}},{"start":{"line":14,"column":6},"end":{"line":14,"column":null}}],"line":12},"2":{"loc":{"start":{"line":48,"column":11},"end":{"line":64,"column":null}},"type":"binary-expr","locations":[{"start":{"line":48,"column":11},"end":{"line":48,"column":null}},{"start":{"line":49,"column":12},"end":{"line":64,"column":null}}],"line":48}},"s":{"0":1,"1":1,"2":3,"3":2},"f":{"0":1,"1":3,"2":2},"b":{"0":[1],"1":[1,0],"2":[1,1]},"meta":{"lastBranch":3,"lastFunction":3,"lastStatement":4,"seen":{"f:11:16:11:28":0,"b:11:72:11:75":0,"s:12:26:14:Infinity":0,"b:13:6:13:Infinity:14:6:14:Infinity":1,"s:16:2:81:Infinity":1,"f:40:33:40:34":1,"s:41:16:43:Infinity":2,"b:48:11:48:Infinity:49:12:64:Infinity":2,"f:57:35:57:36":2,"s:58:18:61:Infinity":3}}}
,"/home/illnar/Projects/PowerCV/frontend/src/components/dashboard/ResumeCard.tsx": {"path":"/home/illnar/Projects/PowerCV/frontend/src/components/dashboard/ResumeCard.tsx","statementMap":{"0":{"start":{"line":14,"column":8},"end":{"line":14,"column":null}},"1":{"start":{"line":15,"column":8},"end":{"line":15,"column":null}},"2":{"start":{"line":16,"column":8},"end":{"line":16,"column":null}},"3":{"start":{"line":18,"column":25},"end":{"line":20,"column":null}},"4":{"start":{"line":19,"column":4},"end":{"line":19,"column":null}},"5":{"start":{"line":22,"column":36},"end":{"line":26,"column":null}},"6":{"start":{"line":23,"column":4},"end":{"line":25,"column":null}},"7":{"start":{"line":24,"column":6},"end":{"line":24,"column":null}},"8":{"start":{"line":28,"column":23},"end":{"line":32,"column":null}},"9":{"start":{"line":29,"column":4},"end":{"line":31,"column":null}},"10":{"start":{"line":30,"column":6},"end":{"line":30,"column":null}},"11":{"start":{"line":34,"column":2},"end":{"line":99,"column":null}}},"fnMap":{"0":{"name":"ResumeCard","decl":{"start":{"line":13,"column":16},"end":{"line":13,"column":27}},"loc":{"start":{"line":13,"column":56},"end":{"line":101,"column":null}},"line":13},"1":{"name":"(anonymous_1)","decl":{"start":{"line":18,"column":25},"end":{"line":18,"column":31}},"loc":{"start":{"line":18,"column":31},"end":{"line":20,"column":null}},"line":18},"2":{"name":"(anonymous_2)","decl":{"start":{"line":22,"column":36},"end":{"line":22,"column":42}},"loc":{"start":{"line":22,"column":42},"end":{"line":26,"column":null}},"line":22},"3":{"name":"(anonymous_3)","decl":{"start":{"line":28,"column":23},"end":{"line":28,"column":29}},"loc":{"start":{"line":28,"column":29},"end":{"line":32,"column":null}},"line":28}},"branchMap":{"0":{"loc":{"start":{"line":23,"column":4},"end":{"line":25,"column":null}},"type":"if","locations":[{"start":{"line":23,"column":4},"end":{"line":25,"column":null}},{"start":{},"end":{}}],"line":23},"1":{"loc":{"start":{"line":29,"column":4},"end":{"line":31,"column":null}},"type":"if","locations":[{"start":{"line":29,"column":4},"end":{"line":31,"column":null}},{"start":{},"end":{}}],"line":29},"2":{"loc":{"start":{"line":63,"column":19},"end":{"line":63,"column":null}},"type":"cond-expr","locations":[{"start":{"line":63,"column":26},"end":{"line":63,"column":90}},{"start":{"line":63,"column":90},"end":{"line":63,"column":null}}],"line":63},"3":{"loc":{"start":{"line":83,"column":20},"end":{"line":83,"column":null}},"type":"binary-expr","locations":[{"start":{"line":83,"column":20},"end":{"line":83,"column":46}},{"start":{"line":83,"column":46},"end":{"line":83,"column":null}}],"line":83},"4":{"loc":{"start":{"line":84,"column":21},"end":{"line":84,"column":null}},"type":"cond-expr","locations":[{"start":{"line":84,"column":45},"end":{"line":84,"column":50}},{"start":{"line":84,"column":50},"end":{"line":84,"column":null}}],"line":84}},"s":{"0":3,"1":3,"2":3,"3":3,"4":1,"5":3,"6":0,"7":0,"8":3,"9":1,"10":1,"11":3},"f":{"0":3,"1":1,"2":0,"3":1},"b":{"0":[0,0],"1":[1,0],"2":[3,0],"3":[3,0],"4":[0,3]},"meta":{"lastBranch":5,"lastFunction":4,"lastStatement":12,"seen":{"f:13:16:13:27":0,"s:14:8:14:Infinity":0,"s:15:8:15:Infinity":1,"s:16:8:16:Infinity":2,"s:18:25:20:Infinity":3,"f:18:25:18:31":1,"s:19:4:19:Infinity":4,"s:22:36:26:Infinity":5,"f:22:36:22:42":2,"b:23:4:25:Infinity:undefined:undefined:undefined:undefined":0,"s:23:4:25:Infinity":6,"s:24:6:24:Infinity":7,"s:28:23:32:Infinity":8,"f:28:23:28:29":3,"b:29:4:31:Infinity:undefined:undefined:undefined:undefined":1,"s:29:4:31:Infinity":9,"s:30:6:30:Infinity":10,"s:34:2:99:Infinity":11,"b:63:26:63:90:63:90:63:Infinity":2,"b:83:20:83:46:83:46:83:Infinity":3,"b:84:45:84:50:84:50:84:Infinity":4}}}
,"/home/illnar/Projects/PowerCV/frontend/src/components/dashboard/StatusBadge.tsx": {"path":"/home/illnar/Projects/PowerCV/frontend/src/components/dashboard/StatusBadge.tsx","statementMap":{"0":{"start":{"line":8,"column":21},"end":{"line":34,"column":null}},"1":{"start":{"line":37,"column":17},"end":{"line":37,"column":null}},"2":{"start":{"line":39,"column":2},"end":{"line":42,"column":null}}},"fnMap":{"0":{"name":"StatusBadge","decl":{"start":{"line":36,"column":16},"end":{"line":36,"column":28}},"loc":{"start":{"line":36,"column":58},"end":{"line":44,"column":null}},"line":36}},"branchMap":{},"s":{"0":1,"1":3,"2":3},"f":{"0":3},"b":{},"meta":{"lastBranch":0,"lastFunction":1,"lastStatement":3,"seen":{"s:8:21:34:Infinity":0,"f:36:16:36:28":0,"s:37:17:37:Infinity":1,"s:39:2:42:Infinity":2}}}
,"/home/illnar/Projects/PowerCV/frontend/src/components/optimization/FileUpload.tsx": {"path":"/home/illnar/Projects/PowerCV/frontend/src/components/optimization/FileUpload.tsx","statementMap":{"0":{"start":{"line":24,"column":8},"end":{"line":28,"column":null}},"1":{"start":{"line":25,"column":4},"end":{"line":27,"column":null}},"2":{"start":{"line":26,"column":6},"end":{"line":26,"column":null}},"3":{"start":{"line":30,"column":68},"end":{"line":46,"column":null}},"4":{"start":{"line":33,"column":25},"end":{"line":40,"column":null}},"5":{"start":{"line":41,"column":6},"end":{"line":41,"column":null}},"6":{"start":{"line":42,"column":6},"end":{"line":42,"column":null}},"7":{"start":{"line":48,"column":27},"end":{"line":50,"column":null}},"8":{"start":{"line":49,"column":4},"end":{"line":49,"column":null}},"9":{"start":{"line":52,"column":26},"end":{"line":56,"column":null}},"10":{"start":{"line":53,"column":4},"end":{"line":53,"column":null}},"11":{"start":{"line":53,"column":37},"end":{"line":53,"column":null}},"12":{"start":{"line":54,"column":4},"end":{"line":54,"column":null}},"13":{"start":{"line":54,"column":37},"end":{"line":54,"column":null}},"14":{"start":{"line":55,"column":4},"end":{"line":55,"column":null}},"15":{"start":{"line":58,"column":2},"end":{"line":130,"column":null}},"16":{"start":{"line":122,"column":12},"end":{"line":126,"column":null}},"17":{"start":{"line":124,"column":16},"end":{"line":124,"column":null}}},"fnMap":{"0":{"name":"FileUpload","decl":{"start":{"line":17,"column":16},"end":{"line":17,"column":27}},"loc":{"start":{"line":23,"column":20},"end":{"line":132,"column":null}},"line":23},"1":{"name":"(anonymous_1)","decl":{"start":{"line":24,"column":29},"end":{"line":24,"column":30}},"loc":{"start":{"line":24,"column":62},"end":{"line":28,"column":5}},"line":24},"2":{"name":"(anonymous_2)","decl":{"start":{"line":32,"column":26},"end":{"line":32,"column":27}},"loc":{"start":{"line":32,"column":41},"end":{"line":43,"column":7}},"line":32},"3":{"name":"(anonymous_3)","decl":{"start":{"line":48,"column":27},"end":{"line":48,"column":39}},"loc":{"start":{"line":48,"column":39},"end":{"line":50,"column":null}},"line":48},"4":{"name":"(anonymous_4)","decl":{"start":{"line":52,"column":26},"end":{"line":52,"column":27}},"loc":{"start":{"line":52,"column":53},"end":{"line":56,"column":null}},"line":52},"5":{"name":"(anonymous_5)","decl":{"start":{"line":121,"column":30},"end":{"line":121,"column":31}},"loc":{"start":{"line":122,"column":12},"end":{"line":126,"column":null}},"line":122},"6":{"name":"(anonymous_6)","decl":{"start":{"line":123,"column":26},"end":{"line":123,"column":null}},"loc":{"start":{"line":124,"column":16},"end":{"line":124,"column":null}},"line":124}},"branchMap":{"0":{"loc":{"start":{"line":20,"column":2},"end":{"line":20,"column":null}},"type":"default-arg","locations":[{"start":{"line":20,"column":11},"end":{"line":20,"column":null}}],"line":20},"1":{"loc":{"start":{"line":21,"column":2},"end":{"line":21,"column":null}},"type":"default-arg","locations":[{"start":{"line":21,"column":12},"end":{"line":21,"column":null}}],"line":21},"2":{"loc":{"start":{"line":22,"column":2},"end":{"line":22,"column":null}},"type":"default-arg","locations":[{"start":{"line":22,"column":14},"end":{"line":22,"column":null}}],"line":22},"3":{"loc":{"start":{"line":25,"column":4},"end":{"line":27,"column":null}},"type":"if","locations":[{"start":{"line":25,"column":4},"end":{"line":27,"column":null}},{"start":{},"end":{}}],"line":25},"4":{"loc":{"start":{"line":33,"column":25},"end":{"line":40,"column":null}},"type":"binary-expr","locations":[{"start":{"line":33,"column":25},"end":{"line":40,"column":17}},{"start":{"line":40,"column":17},"end":{"line":40,"column":null}}],"line":33},"5":{"loc":{"start":{"line":53,"column":4},"end":{"line":53,"column":null}},"type":"if","locations":[{"start":{"line":53,"column":4},"end":{"line":53,"column":null}},{"start":{},"end":{}}],"line":53},"6":{"loc":{"start":{"line":54,"column":4},"end":{"line":54,"column":null}},"type":"if","locations":[{"start":{"line":54,"column":4},"end":{"line":54,"column":null}},{"start":{},"end":{}}],"line":54},"7":{"loc":{"start":{"line":60,"column":7},"end":{"line":116,"column":null}},"type":"cond-expr","locations":[{"start":{"line":61,"column":8},"end":{"line":90,"column":null}},{"start":{"line":92,"column":8},"end":{"line":116,"column":null}}],"line":60},"8":{"loc":{"start":{"line":66,"column":16},"end":{"line":68,"column":null}},"type":"cond-expr","locations":[{"start":{"line":67,"column":20},"end":{"line":67,"column":null}},{"start":{"line":68,"column":20},"end":{"line":68,"column":null}}],"line":66},"9":{"loc":{"start":{"line":75,"column":19},"end":{"line":75,"column":null}},"type":"cond-expr","locations":[{"start":{"line":75,"column":34},"end":{"line":75,"column":60}},{"start":{"line":75,"column":60},"end":{"line":75,"column":null}}],"line":75},"10":{"loc":{"start":{"line":119,"column":7},"end":{"line":128,"column":null}},"type":"binary-expr","locations":[{"start":{"line":119,"column":7},"end":{"line":119,"column":null}},{"start":{"line":120,"column":8},"end":{"line":128,"column":null}}],"line":119}},"s":{"0":7,"1":2,"2":1,"3":7,"4":14,"5":14,"6":14,"7":7,"8":0,"9":7,"10":1,"11":0,"12":1,"13":0,"14":1,"15":7,"16":1,"17":1},"f":{"0":7,"1":2,"2":14,"3":0,"4":1,"5":1,"6":1},"b":{"0":[7],"1":[7],"2":[7],"3":[1,1],"4":[14,0],"5":[0,1],"6":[0,1],"7":[7,0],"8":[0,7],"9":[0,7],"10":[7,1]},"meta":{"lastBranch":11,"lastFunction":7,"lastStatement":18,"seen":{"f:17:16:17:27":0,"b:20:11:20:Infinity":0,"b:21:12:21:Infinity":1,"b:22:14:22:Infinity":2,"s:24:8:28:Infinity":0,"f:24:29:24:30":1,"b:25:4:27:Infinity:undefined:undefined:undefined:undefined":3,"s:25:4:27:Infinity":1,"s:26:6:26:Infinity":2,"s:30:68:46:Infinity":3,"f:32:26:32:27":2,"s:33:25:40:Infinity":4,"b:33:25:40:17:40:17:40:Infinity":4,"s:41:6:41:Infinity":5,"s:42:6:42:Infinity":6,"s:48:27:50:Infinity":7,"f:48:27:48:39":3,"s:49:4:49:Infinity":8,"s:52:26:56:Infinity":9,"f:52:26:52:27":4,"b:53:4:53:Infinity:undefined:undefined:undefined:undefined":5,"s:53:4:53:Infinity":10,"s:53:37:53:Infinity":11,"b:54:4:54:Infinity:undefined:undefined:undefined:undefined":6,"s:54:4:54:Infinity":12,"s:54:37:54:Infinity":13,"s:55:4:55:Infinity":14,"s:58:2:130:Infinity":15,"b:61:8:90:Infinity:92:8:116:Infinity":7,"b:67:20:67:Infinity:68:20:68:Infinity":8,"b:75:34:75:60:75:60:75:Infinity":9,"b:119:7:119:Infinity:120:8:128:Infinity":10,"f:121:30:121:31":5,"s:122:12:126:Infinity":16,"f:123:26:123:Infinity":6,"s:124:16:124:Infinity":17}}}
,"/home/illnar/Projects/PowerCV/frontend/src/components/optimization/TemplateSelector.tsx": {"path":"/home/illnar/Projects/PowerCV/frontend/src/components/optimization/TemplateSelector.tsx","statementMap":{"0":{"start":{"line":11,"column":18},"end":{"line":47,"column":null}},"1":{"start":{"line":54,"column":2},"end":{"line":103,"column":null}},"2":{"start":{"line":58,"column":10},"end":{"line":92,"column":null}},"3":{"start":{"line":66,"column":27},"end":{"line":66,"column":null}},"4":{"start":{"line":99,"column":60},"end":{"line":99,"column":85}}},"fnMap":{"0":{"name":"TemplateSelector","decl":{"start":{"line":49,"column":16},"end":{"line":49,"column":33}},"loc":{"start":{"line":53,"column":26},"end":{"line":105,"column":null}},"line":53},"1":{"name":"(anonymous_1)","decl":{"start":{"line":57,"column":23},"end":{"line":57,"column":24}},"loc":{"start":{"line":58,"column":10},"end":{"line":92,"column":null}},"line":58},"2":{"name":"(anonymous_2)","decl":{"start":{"line":66,"column":21},"end":{"line":66,"column":27}},"loc":{"start":{"line":66,"column":27},"end":{"line":66,"column":null}},"line":66},"3":{"name":"(anonymous_3)","decl":{"start":{"line":99,"column":55},"end":{"line":99,"column":60}},"loc":{"start":{"line":99,"column":60},"end":{"line":99,"column":85}},"line":99}},"branchMap":{"0":{"loc":{"start":{"line":52,"column":2},"end":{"line":52,"column":null}},"type":"default-arg","locations":[{"start":{"line":52,"column":14},"end":{"line":52,"column":null}}],"line":52},"1":{"loc":{"start":{"line":62,"column":14},"end":{"line":64,"column":null}},"type":"cond-expr","locations":[{"start":{"line":63,"column":18},"end":{"line":63,"column":null}},{"start":{"line":64,"column":18},"end":{"line":64,"column":null}}],"line":62},"2":{"loc":{"start":{"line":77,"column":19},"end":{"line":80,"column":null}},"type":"binary-expr","locations":[{"start":{"line":77,"column":19},"end":{"line":77,"column":null}},{"start":{"line":78,"column":20},"end":{"line":80,"column":null}}],"line":77},"3":{"loc":{"start":{"line":96,"column":7},"end":{"line":101,"column":null}},"type":"binary-expr","locations":[{"start":{"line":96,"column":7},"end":{"line":96,"column":null}},{"start":{"line":97,"column":8},"end":{"line":101,"column":null}}],"line":96}},"s":{"0":1,"1":2,"2":10,"3":1,"4":2},"f":{"0":2,"1":10,"2":1,"3":2},"b":{"0":[2],"1":[2,8],"2":[10,2],"3":[2,2]},"meta":{"lastBranch":4,"lastFunction":4,"lastStatement":5,"seen":{"s:11:18:47:Infinity":0,"f:49:16:49:33":0,"b:52:14:52:Infinity":0,"s:54:2:103:Infinity":1,"f:57:23:57:24":1,"s:58:10:92:Infinity":2,"b:63:18:63:Infinity:64:18:64:Infinity":1,"f:66:21:66:27":2,"s:66:27:66:Infinity":3,"b:77:19:77:Infinity:78:20:80:Infinity":2,"b:96:7:96:Infinity:97:8:101:Infinity":3,"f:99:55:99:60":3,"s:99:60:99:85":4}}}
,"/home/illnar/Projects/PowerCV/frontend/src/components/ui/badge.tsx": {"path":"/home/illnar/Projects/PowerCV/frontend/src/components/ui/badge.tsx","statementMap":{"0":{"start":{"line":6,"column":6},"end":{"line":24,"column":null}},"1":{"start":{"line":31,"column":2},"end":{"line":32,"column":null}}},"fnMap":{"0":{"name":"Badge","decl":{"start":{"line":30,"column":9},"end":{"line":30,"column":15}},"loc":{"start":{"line":30,"column":61},"end":{"line":34,"column":null}},"line":30}},"branchMap":{},"s":{"0":1,"1":12},"f":{"0":12},"b":{},"meta":{"lastBranch":0,"lastFunction":1,"lastStatement":2,"seen":{"s:6:6:24:Infinity":0,"f:30:9:30:15":0,"s:31:2:32:Infinity":1}}}
,"/home/illnar/Projects/PowerCV/frontend/src/components/ui/button.tsx": {"path":"/home/illnar/Projects/PowerCV/frontend/src/components/ui/button.tsx","statementMap":{"0":{"start":{"line":7,"column":6},"end":{"line":34,"column":null}},"1":{"start":{"line":42,"column":15},"end":{"line":53,"column":null}},"2":{"start":{"line":44,"column":17},"end":{"line":44,"column":null}},"3":{"start":{"line":45,"column":4},"end":{"line":50,"column":null}},"4":{"start":{"line":54,"column":0},"end":{"line":54,"column":null}}},"fnMap":{"0":{"name":"(anonymous_0)","decl":{"start":{"line":43,"column":2},"end":{"line":43,"column":3}},"loc":{"start":{"line":43,"column":68},"end":{"line":52,"column":null}},"line":43}},"branchMap":{"0":{"loc":{"start":{"line":43,"column":31},"end":{"line":43,"column":48}},"type":"default-arg","locations":[{"start":{"line":43,"column":41},"end":{"line":43,"column":48}}],"line":43},"1":{"loc":{"start":{"line":44,"column":17},"end":{"line":44,"column":null}},"type":"cond-expr","locations":[{"start":{"line":44,"column":27},"end":{"line":44,"column":34}},{"start":{"line":44,"column":34},"end":{"line":44,"column":null}}],"line":44}},"s":{"0":1,"1":1,"2":16,"3":16,"4":1},"f":{"0":16},"b":{"0":[16],"1":[0,16]},"meta":{"lastBranch":2,"lastFunction":1,"lastStatement":5,"seen":{"s:7:6:34:Infinity":0,"s:42:15:53:Infinity":1,"f:43:2:43:3":0,"b:43:41:43:48":0,"s:44:17:44:Infinity":2,"b:44:27:44:34:44:34:44:Infinity":1,"s:45:4:50:Infinity":3,"s:54:0:54:Infinity":4}}}
,"/home/illnar/Projects/PowerCV/frontend/src/components/ui/card.tsx": {"path":"/home/illnar/Projects/PowerCV/frontend/src/components/ui/card.tsx","statementMap":{"0":{"start":{"line":5,"column":13},"end":{"line":17,"column":null}},"1":{"start":{"line":9,"column":2},"end":{"line":16,"column":null}},"2":{"start":{"line":18,"column":0},"end":{"line":18,"column":null}},"3":{"start":{"line":20,"column":19},"end":{"line":29,"column":null}},"4":{"start":{"line":24,"column":2},"end":{"line":28,"column":null}},"5":{"start":{"line":30,"column":0},"end":{"line":30,"column":null}},"6":{"start":{"line":32,"column":18},"end":{"line":44,"column":null}},"7":{"start":{"line":36,"column":2},"end":{"line":43,"column":null}},"8":{"start":{"line":45,"column":0},"end":{"line":45,"column":null}},"9":{"start":{"line":47,"column":24},"end":{"line":56,"column":null}},"10":{"start":{"line":51,"column":2},"end":{"line":55,"column":null}},"11":{"start":{"line":57,"column":0},"end":{"line":57,"column":null}},"12":{"start":{"line":59,"column":20},"end":{"line":64,"column":null}},"13":{"start":{"line":63,"column":2},"end":{"line":63,"column":null}},"14":{"start":{"line":65,"column":0},"end":{"line":65,"column":null}},"15":{"start":{"line":67,"column":19},"end":{"line":76,"column":null}},"16":{"start":{"line":71,"column":2},"end":{"line":75,"column":null}},"17":{"start":{"line":77,"column":0},"end":{"line":77,"column":null}}},"fnMap":{"0":{"name":"(anonymous_0)","decl":{"start":{"line":8,"column":2},"end":{"line":8,"column":3}},"loc":{"start":{"line":9,"column":2},"end":{"line":16,"column":null}},"line":9},"1":{"name":"(anonymous_1)","decl":{"start":{"line":23,"column":2},"end":{"line":23,"column":3}},"loc":{"start":{"line":24,"column":2},"end":{"line":28,"column":null}},"line":24},"2":{"name":"(anonymous_2)","decl":{"start":{"line":35,"column":2},"end":{"line":35,"column":3}},"loc":{"start":{"line":36,"column":2},"end":{"line":43,"column":null}},"line":36},"3":{"name":"(anonymous_3)","decl":{"start":{"line":50,"column":2},"end":{"line":50,"column":3}},"loc":{"start":{"line":51,"column":2},"end":{"line":55,"column":null}},"line":51},"4":{"name":"(anonymous_4)","decl":{"start":{"line":62,"column":2},"end":{"line":62,"column":3}},"loc":{"start":{"line":63,"column":2},"end":{"line":63,"column":null}},"line":63},"5":{"name":"(anonymous_5)","decl":{"start":{"line":70,"column":2},"end":{"line":70,"column":3}},"loc":{"start":{"line":71,"column":2},"end":{"line":75,"column":null}},"line":71}},"branchMap":{},"s":{"0":1,"1":23,"2":1,"3":1,"4":6,"5":1,"6":1,"7":3,"8":1,"9":1,"10":0,"11":1,"12":1,"13":23,"14":1,"15":1,"16":3,"17":1},"f":{"0":23,"1":6,"2":3,"3":0,"4":23,"5":3},"b":{},"meta":{"lastBranch":0,"lastFunction":6,"lastStatement":18,"seen":{"s:5:13:17:Infinity":0,"f:8:2:8:3":0,"s:9:2:16:Infinity":1,"s:18:0:18:Infinity":2,"s:20:19:29:Infinity":3,"f:23:2:23:3":1,"s:24:2:28:Infinity":4,"s:30:0:30:Infinity":5,"s:32:18:44:Infinity":6,"f:35:2:35:3":2,"s:36:2:43:Infinity":7,"s:45:0:45:Infinity":8,"s:47:24:56:Infinity":9,"f:50:2:50:3":3,"s:51:2:55:Infinity":10,"s:57:0:57:Infinity":11,"s:59:20:64:Infinity":12,"f:62:2:62:3":4,"s:63:2:63:Infinity":13,"s:65:0:65:Infinity":14,"s:67:19:76:Infinity":15,"f:70:2:70:3":5,"s:71:2:75:Infinity":16,"s:77:0:77:Infinity":17}}}
,"/home/illnar/Projects/PowerCV/frontend/src/components/ui/progress.tsx": {"path":"/home/illnar/Projects/PowerCV/frontend/src/components/ui/progress.tsx","statementMap":{"0":{"start":{"line":5,"column":17},"end":{"line":22,"column":null}},"1":{"start":{"line":9,"column":2},"end":{"line":21,"column":null}},"2":{"start":{"line":23,"column":0},"end":{"line":23,"column":null}}},"fnMap":{"0":{"name":"(anonymous_0)","decl":{"start":{"line":8,"column":2},"end":{"line":8,"column":3}},"loc":{"start":{"line":9,"column":2},"end":{"line":21,"column":null}},"line":9}},"branchMap":{"0":{"loc":{"start":{"line":19,"column":48},"end":{"line":19,"column":59}},"type":"binary-expr","locations":[{"start":{"line":19,"column":48},"end":{"line":19,"column":57}},{"start":{"line":19,"column":57},"end":{"line":19,"column":59}}],"line":19}},"s":{"0":1,"1":1,"2":1},"f":{"0":1},"b":{"0":[1,0]},"meta":{"lastBranch":1,"lastFunction":1,"lastStatement":3,"seen":{"s:5:17:22:Infinity":0,"f:8:2:8:3":0,"s:9:2:21:Infinity":1,"b:19:48:19:57:19:57:19:59":0,"s:23:0:23:Infinity":2}}}
,"/home/illnar/Projects/PowerCV/frontend/src/lib/utils.ts": {"path":"/home/illnar/Projects/PowerCV/frontend/src/lib/utils.ts","statementMap":{"0":{"start":{"line":5,"column":2},"end":{"line":5,"column":null}}},"fnMap":{"0":{"name":"cn","decl":{"start":{"line":4,"column":16},"end":{"line":4,"column":22}},"loc":{"start":{"line":4,"column":44},"end":{"line":6,"column":null}},"line":4}},"branchMap":{},"s":{"0":107},"f":{"0":107},"b":{},"meta":{"lastBranch":0,"lastFunction":1,"lastStatement":1,"seen":{"f:4:16:4:22":0,"s:5:2:5:Infinity":0}}}
,"/home/illnar/Projects/PowerCV/frontend/src/types/enums.ts": {"path":"/home/illnar/Projects/PowerCV/frontend/src/types/enums.ts","statementMap":{"0":{"start":{"line":1,"column":7},"end":{"line":1,"column":null}},"1":{"start":{"line":2,"column":2},"end":{"line":2,"column":null}},"2":{"start":{"line":3,"column":2},"end":{"line":3,"column":null}},"3":{"start":{"line":4,"column":2},"end":{"line":4,"column":null}},"4":{"start":{"line":5,"column":2},"end":{"line":5,"column":null}},"5":{"start":{"line":6,"column":2},"end":{"line":6,"column":null}},"6":{"start":{"line":1,"column":12},"end":{"line":1,"column":null}},"7":{"start":{"line":9,"column":7},"end":{"line":9,"column":null}},"8":{"start":{"line":10,"column":2},"end":{"line":10,"column":null}},"9":{"start":{"line":11,"column":2},"end":{"line":11,"column":null}},"10":{"start":{"line":12,"column":2},"end":{"line":12,"column":null}},"11":{"start":{"line":9,"column":12},"end":{"line":9,"column":null}},"12":{"start":{"line":15,"column":7},"end":{"line":15,"column":null}},"13":{"start":{"line":16,"column":2},"end":{"line":16,"column":null}},"14":{"start":{"line":17,"column":2},"end":{"line":17,"column":null}},"15":{"start":{"line":18,"column":2},"end":{"line":18,"column":null}},"16":{"start":{"line":19,"column":2},"end":{"line":19,"column":null}},"17":{"start":{"line":20,"column":2},"end":{"line":20,"column":null}},"18":{"start":{"line":15,"column":12},"end":{"line":15,"column":null}},"19":{"start":{"line":23,"column":7},"end":{"line":23,"column":null}},"20":{"start":{"line":24,"column":2},"end":{"line":24,"column":null}},"21":{"start":{"line":25,"column":2},"end":{"line":25,"column":null}},"22":{"start":{"line":26,"column":2},"end":{"line":26,"column":null}},"23":{"start":{"line":27,"column":2},"end":{"line":27,"column":null}},"24":{"start":{"line":23,"column":12},"end":{"line":23,"column":null}}},"fnMap":{"0":{"name":"(anonymous_0)","decl":{"start":{"line":1,"column":7},"end":{"line":1,"column":12}},"loc":{"start":{"line":1,"column":7},"end":{"line":1,"column":null}},"line":1},"1":{"name":"(anonymous_1)","decl":{"start":{"line":9,"column":7},"end":{"line":9,"column":12}},"loc":{"start":{"line":9,"column":7},"end":{"line":9,"column":null}},"line":9},"2":{"name":"(anonymous_2)","decl":{"start":{"line":15,"column":7},"end":{"line":15,"column":12}},"loc":{"start":{"line":15,"column":7},"end":{"line":15,"column":null}},"line":15},"3":{"name":"(anonymous_3)","decl":{"start":{"line":23,"column":7},"end":{"line":23,"column":12}},"loc":{"start":{"line":23,"column":7},"end":{"line":23,"column":null}},"line":23}},"branchMap":{"0":{"loc":{"start":{"line":1,"column":12},"end":{"line":1,"column":null}},"type":"binary-expr","locations":[{"start":{"line":1,"column":12},"end":{"line":1,"column":null}},{"start":{"line":1,"column":12},"end":{"line":1,"column":null}}],"line":1},"1":{"loc":{"start":{"line":9,"column":12},"end":{"line":9,"column":null}},"type":"binary-expr","locations":[{"start":{"line":9,"column":12},"end":{"line":9,"column":null}},{"start":{"line":9,"column":12},"end":{"line":9,"column":null}}],"line":9},"2":{"loc":{"start":{"line":15,"column":12},"end":{"line":15,"column":null}},"type":"binary-expr","locations":[{"start":{"line":15,"column":12},"end":{"line":15,"column":null}},{"start":{"line":15,"column":12},"end":{"line":15,"column":null}}],"line":15},"3":{"loc":{"start":{"line":23,"column":12},"end":{"line":23,"column":null}},"type":"binary-expr","locations":[{"start":{"line":23,"column":12},"end":{"line":23,"column":null}},{"start":{"line":23,"column":12},"end":{"line":23,"column":null}}],"line":23}},"s":{"0":1,"1":1,"2":1,"3":1,"4":1,"5":1,"6":1,"7":1,"8":1,"9":1,"10":1,"11":1,"12":1,"13":1,"14":1,"15":1,"16":1,"17":1,"18":1,"19":1,"20":1,"21":1,"22":1,"23":1,"24":1},"f":{"0":1,"1":1,"2":1,"3":1},"b":{"0":[1,1],"1":[1,1],"2":[1,1],"3":[1,1]},"meta":{"lastBranch":4,"lastFunction":4,"lastStatement":25,"seen":{"s:1:7:1:Infinity":0,"f:1:7:1:12":0,"s:2:2:2:Infinity":1,"s:3:2:3:Infinity":2,"s:4:2:4:Infinity":3,"s:5:2:5:Infinity":4,"s:6:2:6:Infinity":5,"s:1:12:1:Infinity":6,"b:1:12:1:Infinity:1:12:1:Infinity":0,"s:9:7:9:Infinity":7,"f:9:7:9:12":1,"s:10:2:10:Infinity":8,"s:11:2:11:Infinity":9,"s:12:2:12:Infinity":10,"s:9:12:9:Infinity":11,"b:9:12:9:Infinity:9:12:9:Infinity":1,"s:15:7:15:Infinity":12,"f:15:7:15:12":2,"s:16:2:16:Infinity":13,"s:17:2:17:Infinity":14,"s:18:2:18:Infinity":15,"s:19:2:19:Infinity":16,"s:20:2:20:Infinity":17,"s:15:12:15:Infinity":18,"b:15:12:15:Infinity:15:12:15:Infinity":2,"s:23:7:23:Infinity":19,"f:23:7:23:12":3,"s:24:2:24:Infinity":20,"s:25:2:25:Infinity":21,"s:26:2:26:Infinity":22,"s:27:2:27:Infinity":23,"s:23:12:23:Infinity":24,"b:23:12:23:Infinity:23:12:23:Infinity":3}}}
,"/home/illnar/Projects/PowerCV/frontend/src/types/resume.ts": {"path":"/home/illnar/Projects/PowerCV/frontend/src/types/resume.ts","statementMap":{},"fnMap":{},"branchMap":{},"s":{},"f":{},"b":{},"meta":{"lastBranch":0,"lastFunction":0,"lastStatement":0,"seen":{}}}
,"/home/illnar/Projects/PowerCV/frontend/src/utils/constants.ts": {"path":"/home/illnar/Projects/PowerCV/frontend/src/utils/constants.ts","statementMap":{"0":{"start":{"line":1,"column":29},"end":{"line":6,"column":null}},"1":{"start":{"line":8,"column":26},"end":{"line":12,"column":null}},"2":{"start":{"line":14,"column":29},"end":{"line":14,"column":null}},"3":{"start":{"line":16,"column":25},"end":{"line":22,"column":null}},"4":{"start":{"line":24,"column":29},"end":{"line":30,"column":null}},"5":{"start":{"line":32,"column":36},"end":{"line":37,"column":null}},"6":{"start":{"line":39,"column":32},"end":{"line":44,"column":null}},"7":{"start":{"line":40,"column":2},"end":{"line":40,"column":null}},"8":{"start":{"line":40,"column":47},"end":{"line":40,"column":null}},"9":{"start":{"line":41,"column":2},"end":{"line":41,"column":null}},"10":{"start":{"line":41,"column":42},"end":{"line":41,"column":null}},"11":{"start":{"line":42,"column":2},"end":{"line":42,"column":null}},"12":{"start":{"line":42,"column":42},"end":{"line":42,"column":null}},"13":{"start":{"line":43,"column":2},"end":{"line":43,"column":null}},"14":{"start":{"line":46,"column":32},"end":{"line":51,"column":null}},"15":{"start":{"line":47,"column":2},"end":{"line":47,"column":null}},"16":{"start":{"line":47,"column":47},"end":{"line":47,"column":null}},"17":{"start":{"line":48,"column":2},"end":{"line":48,"column":null}},"18":{"start":{"line":48,"column":42},"end":{"line":48,"column":null}},"19":{"start":{"line":49,"column":2},"end":{"line":49,"column":null}},"20":{"start":{"line":49,"column":42},"end":{"line":49,"column":null}},"21":{"start":{"line":50,"column":2},"end":{"line":50,"column":null}}},"fnMap":{"0":{"name":"(anonymous_0)","decl":{"start":{"line":39,"column":32},"end":{"line":39,"column":33}},"loc":{"start":{"line":39,"column":59},"end":{"line":44,"column":null}},"line":39},"1":{"name":"(anonymous_1)","decl":{"start":{"line":46,"column":32},"end":{"line":46,"column":33}},"loc":{"start":{"line":46,"column":59},"end":{"line":51,"column":null}},"line":46}},"branchMap":{"0":{"loc":{"start":{"line":40,"column":2},"end":{"line":40,"column":null}},"type":"if","locations":[{"start":{"line":40,"column":2},"end":{"line":40,"column":null}},{"start":{},"end":{}}],"line":40},"1":{"loc":{"start":{"line":41,"column":2},"end":{"line":41,"column":null}},"type":"if","locations":[{"start":{"line":41,"column":2},"end":{"line":41,"column":null}},{"start":{},"end":{}}],"line":41},"2":{"loc":{"start":{"line":42,"column":2},"end":{"line":42,"column":null}},"type":"if","locations":[{"start":{"line":42,"column":2},"end":{"line":42,"column":null}},{"start":{},"end":{}}],"line":42},"3":{"loc":{"start":{"line":47,"column":2},"end":{"line":47,"column":null}},"type":"if","locations":[{"start":{"line":47,"column":2},"end":{"line":47,"column":null}},{"start":{},"end":{}}],"line":47},"4":{"loc":{"start":{"line":48,"column":2},"end":{"line":48,"column":null}},"type":"if","locations":[{"start":{"line":48,"column":2},"end":{"line":48,"column":null}},{"start":{},"end":{}}],"line":48},"5":{"loc":{"start":{"line":49,"column":2},"end":{"line":49,"column":null}},"type":"if","locations":[{"start":{"line":49,"column":2},"end":{"line":49,"column":null}},{"start":{},"end":{}}],"line":49}},"s":{"0":1,"1":1,"2":1,"3":1,"4":1,"5":1,"6":1,"7":1,"8":0,"9":1,"10":1,"11":0,"12":0,"13":0,"14":1,"15":1,"16":0,"17":1,"18":1,"19":0,"20":0,"21":0},"f":{"0":1,"1":1},"b":{"0":[0,1],"1":[1,0],"2":[0,0],"3":[0,1],"4":[1,0],"5":[0,0]},"meta":{"lastBranch":6,"lastFunction":2,"lastStatement":22,"seen":{"s:1:29:6:Infinity":0,"s:8:26:12:Infinity":1,"s:14:29:14:Infinity":2,"s:16:25:22:Infinity":3,"s:24:29:30:Infinity":4,"s:32:36:37:Infinity":5,"s:39:32:44:Infinity":6,"f:39:32:39:33":0,"b:40:2:40:Infinity:undefined:undefined:undefined:undefined":0,"s:40:2:40:Infinity":7,"s:40:47:40:Infinity":8,"b:41:2:41:Infinity:undefined:undefined:undefined:undefined":1,"s:41:2:41:Infinity":9,"s:41:42:41:Infinity":10,"b:42:2:42:Infinity:undefined:undefined:undefined:undefined":2,"s:42:2:42:Infinity":11,"s:42:42:42:Infinity":12,"s:43:2:43:Infinity":13,"s:46:32:51:Infinity":14,"f:46:32:46:33":1,"b:47:2:47:Infinity:undefined:undefined:undefined:undefined":3,"s:47:2:47:Infinity":15,"s:47:47:47:Infinity":16,"b:48:2:48:Infinity:undefined:undefined:undefined:undefined":4,"s:48:2:48:Infinity":17,"s:48:42:48:Infinity":18,"b:49:2:49:Infinity:undefined:undefined:undefined:undefined":5,"s:49:2:49:Infinity":19,"s:49:42:49:Infinity":20,"s:50:2:50:Infinity":21}}}
,"/home/illnar/Projects/PowerCV/frontend/src/utils/formatters.ts": {"path":"/home/illnar/Projects/PowerCV/frontend/src/utils/formatters.ts","statementMap":{"0":{"start":{"line":4,"column":2},"end":{"line":4,"column":null}},"1":{"start":{"line":8,"column":2},"end":{"line":8,"column":null}},"2":{"start":{"line":12,"column":2},"end":{"line":12,"column":null}},"3":{"start":{"line":12,"column":19},"end":{"line":12,"column":null}},"4":{"start":{"line":14,"column":12},"end":{"line":14,"column":null}},"5":{"start":{"line":15,"column":16},"end":{"line":15,"column":null}},"6":{"start":{"line":16,"column":12},"end":{"line":16,"column":null}},"7":{"start":{"line":18,"column":2},"end":{"line":18,"column":null}},"8":{"start":{"line":22,"column":2},"end":{"line":22,"column":null}},"9":{"start":{"line":22,"column":32},"end":{"line":22,"column":null}},"10":{"start":{"line":23,"column":2},"end":{"line":23,"column":null}},"11":{"start":{"line":27,"column":2},"end":{"line":27,"column":null}},"12":{"start":{"line":31,"column":2},"end":{"line":36,"column":null}},"13":{"start":{"line":33,"column":17},"end":{"line":33,"column":31}},"14":{"start":{"line":40,"column":21},"end":{"line":40,"column":null}},"15":{"start":{"line":41,"column":2},"end":{"line":41,"column":null}},"16":{"start":{"line":45,"column":2},"end":{"line":45,"column":null}},"17":{"start":{"line":54,"column":2},"end":{"line":57,"column":null}},"18":{"start":{"line":55,"column":4},"end":{"line":55,"column":null}},"19":{"start":{"line":56,"column":4},"end":{"line":56,"column":null}},"20":{"start":{"line":56,"column":33},"end":{"line":56,"column":48}}},"fnMap":{"0":{"name":"formatDate","decl":{"start":{"line":3,"column":16},"end":{"line":3,"column":27}},"loc":{"start":{"line":3,"column":55},"end":{"line":5,"column":null}},"line":3},"1":{"name":"formatDateTime","decl":{"start":{"line":7,"column":16},"end":{"line":7,"column":31}},"loc":{"start":{"line":7,"column":59},"end":{"line":9,"column":null}},"line":7},"2":{"name":"formatFileSize","decl":{"start":{"line":11,"column":16},"end":{"line":11,"column":31}},"loc":{"start":{"line":11,"column":54},"end":{"line":19,"column":null}},"line":11},"3":{"name":"truncateText","decl":{"start":{"line":21,"column":16},"end":{"line":21,"column":29}},"loc":{"start":{"line":21,"column":70},"end":{"line":24,"column":null}},"line":21},"4":{"name":"capitalizeFirst","decl":{"start":{"line":26,"column":16},"end":{"line":26,"column":32}},"loc":{"start":{"line":26,"column":53},"end":{"line":28,"column":null}},"line":26},"5":{"name":"getInitials","decl":{"start":{"line":30,"column":16},"end":{"line":30,"column":28}},"loc":{"start":{"line":30,"column":50},"end":{"line":37,"column":null}},"line":30},"6":{"name":"(anonymous_6)","decl":{"start":{"line":33,"column":9},"end":{"line":33,"column":17}},"loc":{"start":{"line":33,"column":17},"end":{"line":33,"column":31}},"line":33},"7":{"name":"validateEmail","decl":{"start":{"line":39,"column":16},"end":{"line":39,"column":30}},"loc":{"start":{"line":39,"column":54},"end":{"line":42,"column":null}},"line":39},"8":{"name":"generateId","decl":{"start":{"line":44,"column":16},"end":{"line":44,"column":37}},"loc":{"start":{"line":44,"column":37},"end":{"line":46,"column":null}},"line":44},"9":{"name":"debounce","decl":{"start":{"line":49,"column":16},"end":{"line":49,"column":null}},"loc":{"start":{"line":52,"column":36},"end":{"line":58,"column":null}},"line":52},"10":{"name":"(anonymous_10)","decl":{"start":{"line":54,"column":9},"end":{"line":54,"column":13}},"loc":{"start":{"line":54,"column":37},"end":{"line":57,"column":null}},"line":54},"11":{"name":"(anonymous_11)","decl":{"start":{"line":56,"column":27},"end":{"line":56,"column":33}},"loc":{"start":{"line":56,"column":33},"end":{"line":56,"column":48}},"line":56}},"branchMap":{"0":{"loc":{"start":{"line":12,"column":2},"end":{"line":12,"column":null}},"type":"if","locations":[{"start":{"line":12,"column":2},"end":{"line":12,"column":null}},{"start":{},"end":{}}],"line":12},"1":{"loc":{"start":{"line":22,"column":2},"end":{"line":22,"column":null}},"type":"if","locations":[{"start":{"line":22,"column":2},"end":{"line":22,"column":null}},{"start":{},"end":{}}],"line":22}},"s":{"0":0,"1":0,"2":0,"3":0,"4":0,"5":0,"6":0,"7":0,"8":0,"9":0,"10":0,"11":0,"12":0,"13":0,"14":0,"15":0,"16":0,"17":0,"18":0,"19":0,"20":0},"f":{"0":0,"1":0,"2":0,"3":0,"4":0,"5":0,"6":0,"7":0,"8":0,"9":0,"10":0,"11":0},"b":{"0":[0,0],"1":[0,0]},"meta":{"lastBranch":2,"lastFunction":12,"lastStatement":21,"seen":{"f:3:16:3:27":0,"s:4:2:4:Infinity":0,"f:7:16:7:31":1,"s:8:2:8:Infinity":1,"f:11:16:11:31":2,"b:12:2:12:Infinity:undefined:undefined:undefined:undefined":0,"s:12:2:12:Infinity":2,"s:12:19:12:Infinity":3,"s:14:12:14:Infinity":4,"s:15:16:15:Infinity":5,"s:16:12:16:Infinity":6,"s:18:2:18:Infinity":7,"f:21:16:21:29":3,"b:22:2:22:Infinity:undefined:undefined:undefined:undefined":1,"s:22:2:22:Infinity":8,"s:22:32:22:Infinity":9,"s:23:2:23:Infinity":10,"f:26:16:26:32":4,"s:27:2:27:Infinity":11,"f:30:16:30:28":5,"s:31:2:36:Infinity":12,"f:33:9:33:17":6,"s:33:17:33:31":13,"f:39:16:39:30":7,"s:40:21:40:Infinity":14,"s:41:2:41:Infinity":15,"f:44:16:44:37":8,"s:45:2:45:Infinity":16,"f:49:16:49:Infinity":9,"s:54:2:57:Infinity":17,"f:54:9:54:13":10,"s:55:4:55:Infinity":18,"s:56:4:56:Infinity":19,"f:56:27:56:33":11,"s:56:33:56:48":20}}}
}
