{"meta": {"format": 3, "version": "7.13.1", "timestamp": "2026-01-09T21:13:13.367987", "branch_coverage": false, "show_contexts": false}, "files": {"app/__init__.py": {"executed_lines": [7], "summary": {"covered_lines": 1, "num_statements": 1, "percent_covered": 100.0, "percent_covered_display": "100", "missing_lines": 0, "excluded_lines": 0, "percent_statements_covered": 100.0, "percent_statements_covered_display": "100"}, "missing_lines": [], "excluded_lines": [], "functions": {"": {"executed_lines": [7], "summary": {"covered_lines": 1, "num_statements": 1, "percent_covered": 100.0, "percent_covered_display": "100", "missing_lines": 0, "excluded_lines": 0, "percent_statements_covered": 100.0, "percent_statements_covered_display": "100"}, "missing_lines": [], "excluded_lines": [], "start_line": 1}}, "classes": {"": {"executed_lines": [7], "summary": {"covered_lines": 1, "num_statements": 1, "percent_covered": 100.0, "percent_covered_display": "100", "missing_lines": 0, "excluded_lines": 0, "percent_statements_covered": 100.0, "percent_statements_covered_display": "100"}, "missing_lines": [], "excluded_lines": [], "start_line": 1}}}, "app/api/__init__.py": {"executed_lines": [], "summary": {"covered_lines": 0, "num_statements": 0, "percent_covered": 100.0, "percent_covered_display": "100", "missing_lines": 0, "excluded_lines": 0, "percent_statements_covered": 100.0, "percent_statements_covered_display": "100"}, "missing_lines": [], "excluded_lines": [], "functions": {"": {"executed_lines": [], "summary": {"covered_lines": 0, "num_statements": 0, "percent_covered": 100.0, "percent_covered_display": "100", "missing_lines": 0, "excluded_lines": 0, "percent_statements_covered": 100.0, "percent_statements_covered_display": "100"}, "missing_lines": [], "excluded_lines": [], "start_line": 1}}, "classes": {"": {"executed_lines": [], "summary": {"covered_lines": 0, "num_statements": 0, "percent_covered": 100.0, "percent_covered_display": "100", "missing_lines": 0, "excluded_lines": 0, "percent_statements_covered": 100.0, "percent_statements_covered_display": "100"}, "missing_lines": [], "excluded_lines": [], "start_line": 1}}}, "app/api/routers/__init__.py": {"executed_lines": [], "summary": {"covered_lines": 0, "num_statements": 0, "percent_covered": 100.0, "percent_covered_display": "100", "missing_lines": 0, "excluded_lines": 0, "percent_statements_covered": 100.0, "percent_statements_covered_display": "100"}, "missing_lines": [], "excluded_lines": [], "functions": {"": {"executed_lines": [], "summary": {"covered_lines": 0, "num_statements": 0, "percent_covered": 100.0, "percent_covered_display": "100", "missing_lines": 0, "excluded_lines": 0, "percent_statements_covered": 100.0, "percent_statements_covered_display": "100"}, "missing_lines": [], "excluded_lines": [], "start_line": 1}}, "classes": {"": {"executed_lines": [], "summary": {"covered_lines": 0, "num_statements": 0, "percent_covered": 100.0, "percent_covered_display": "100", "missing_lines": 0, "excluded_lines": 0, "percent_statements_covered": 100.0, "percent_statements_covered_display": "100"}, "missing_lines": [], "excluded_lines": [], "start_line": 1}}}, "app/api/routers/comprehensive_optimizer.py": {"executed_lines": [8, 10, 11, 13, 17, 19, 20, 21, 22, 23, 27, 29, 30, 33, 35, 38, 40, 41, 44, 46, 47, 51, 57, 62, 68, 73, 74, 81, 89, 95, 100, 101, 105, 113, 119, 124, 125, 128, 136, 142, 147, 148, 152, 160, 166, 171, 172, 176, 184, 190, 194, 197, 203, 207, 210, 216, 220, 223, 229, 233], "summary": {"covered_lines": 60, "num_statements": 71, "percent_covered": 84.50704225352112, "percent_covered_display": "85", "missing_lines": 11, "excluded_lines": 0, "percent_statements_covered": 84.50704225352112, "percent_statements_covered_display": "85"}, "missing_lines": [59, 82, 83, 106, 107, 129, 130, 153, 154, 177, 178], "excluded_lines": [], "functions": {"get_comprehensive_optimizer": {"executed_lines": [], "summary": {"covered_lines": 0, "num_statements": 1, "percent_covered": 0.0, "percent_covered_display": "0", "missing_lines": 1, "excluded_lines": 0, "percent_statements_covered": 0.0, "percent_statements_covered_display": "0"}, "missing_lines": [59], "excluded_lines": [], "start_line": 57}, "master_optimization": {"executed_lines": [73, 74, 81], "summary": {"covered_lines": 3, "num_statements": 5, "percent_covered": 60.0, "percent_covered_display": "60", "missing_lines": 2, "excluded_lines": 0, "percent_statements_covered": 60.0, "percent_statements_covered_display": "60"}, "missing_lines": [82, 83], "excluded_lines": [], "start_line": 68}, "ats_keyword_analysis": {"executed_lines": [100, 101, 105], "summary": {"covered_lines": 3, "num_statements": 5, "percent_covered": 60.0, "percent_covered_display": "60", "missing_lines": 2, "excluded_lines": 0, "percent_statements_covered": 60.0, "percent_statements_covered_display": "60"}, "missing_lines": [106, 107], "excluded_lines": [], "start_line": 95}, "extract_hidden_achievements": {"executed_lines": [124, 125, 128], "summary": {"covered_lines": 3, "num_statements": 5, "percent_covered": 60.0, "percent_covered_display": "60", "missing_lines": 2, "excluded_lines": 0, "percent_statements_covered": 60.0, "percent_statements_covered_display": "60"}, "missing_lines": [129, 130], "excluded_lines": [], "start_line": 119}, "create_three_versions": {"executed_lines": [147, 148, 152], "summary": {"covered_lines": 3, "num_statements": 5, "percent_covered": 60.0, "percent_covered_display": "60", "missing_lines": 2, "excluded_lines": 0, "percent_statements_covered": 60.0, "percent_statements_covered_display": "60"}, "missing_lines": [153, 154], "excluded_lines": [], "start_line": 142}, "iterative_improvement": {"executed_lines": [171, 172, 176], "summary": {"covered_lines": 3, "num_statements": 5, "percent_covered": 60.0, "percent_covered_display": "60", "missing_lines": 2, "excluded_lines": 0, "percent_statements_covered": 60.0, "percent_statements_covered_display": "60"}, "missing_lines": [177, 178], "excluded_lines": [], "start_line": 166}, "get_quick_start_workflows": {"executed_lines": [194], "summary": {"covered_lines": 1, "num_statements": 1, "percent_covered": 100.0, "percent_covered_display": "100", "missing_lines": 0, "excluded_lines": 0, "percent_statements_covered": 100.0, "percent_statements_covered_display": "100"}, "missing_lines": [], "excluded_lines": [], "start_line": 190}, "get_pro_tips": {"executed_lines": [207], "summary": {"covered_lines": 1, "num_statements": 1, "percent_covered": 100.0, "percent_covered_display": "100", "missing_lines": 0, "excluded_lines": 0, "percent_statements_covered": 100.0, "percent_statements_covered_display": "100"}, "missing_lines": [], "excluded_lines": [], "start_line": 203}, "get_eu_2025_alignment": {"executed_lines": [220], "summary": {"covered_lines": 1, "num_statements": 1, "percent_covered": 100.0, "percent_covered_display": "100", "missing_lines": 0, "excluded_lines": 0, "percent_statements_covered": 100.0, "percent_statements_covered_display": "100"}, "missing_lines": [], "excluded_lines": [], "start_line": 216}, "get_master_skills": {"executed_lines": [233], "summary": {"covered_lines": 1, "num_statements": 1, "percent_covered": 100.0, "percent_covered_display": "100", "missing_lines": 0, "excluded_lines": 0, "percent_statements_covered": 100.0, "percent_statements_covered_display": "100"}, "missing_lines": [], "excluded_lines": [], "start_line": 229}, "": {"executed_lines": [8, 10, 11, 13, 17, 19, 20, 21, 22, 23, 27, 29, 30, 33, 35, 38, 40, 41, 44, 46, 47, 51, 57, 62, 68, 89, 95, 113, 119, 136, 142, 160, 166, 184, 190, 197, 203, 210, 216, 223, 229], "summary": {"covered_lines": 41, "num_statements": 41, "percent_covered": 100.0, "percent_covered_display": "100", "missing_lines": 0, "excluded_lines": 0, "percent_statements_covered": 100.0, "percent_statements_covered_display": "100"}, "missing_lines": [], "excluded_lines": [], "start_line": 1}}, "classes": {"MasterOptimizationRequest": {"executed_lines": [], "summary": {"covered_lines": 0, "num_statements": 0, "percent_covered": 100.0, "percent_covered_display": "100", "missing_lines": 0, "excluded_lines": 0, "percent_statements_covered": 100.0, "percent_statements_covered_display": "100"}, "missing_lines": [], "excluded_lines": [], "start_line": 17}, "ATSAnalysisRequest": {"executed_lines": [], "summary": {"covered_lines": 0, "num_statements": 0, "percent_covered": 100.0, "percent_covered_display": "100", "missing_lines": 0, "excluded_lines": 0, "percent_statements_covered": 100.0, "percent_statements_covered_display": "100"}, "missing_lines": [], "excluded_lines": [], "start_line": 27}, "HiddenAchievementsRequest": {"executed_lines": [], "summary": {"covered_lines": 0, "num_statements": 0, "percent_covered": 100.0, "percent_covered_display": "100", "missing_lines": 0, "excluded_lines": 0, "percent_statements_covered": 100.0, "percent_statements_covered_display": "100"}, "missing_lines": [], "excluded_lines": [], "start_line": 33}, "ThreeVersionRequest": {"executed_lines": [], "summary": {"covered_lines": 0, "num_statements": 0, "percent_covered": 100.0, "percent_covered_display": "100", "missing_lines": 0, "excluded_lines": 0, "percent_statements_covered": 100.0, "percent_statements_covered_display": "100"}, "missing_lines": [], "excluded_lines": [], "start_line": 38}, "IterativeImprovementRequest": {"executed_lines": [], "summary": {"covered_lines": 0, "num_statements": 0, "percent_covered": 100.0, "percent_covered_display": "100", "missing_lines": 0, "excluded_lines": 0, "percent_statements_covered": 100.0, "percent_statements_covered_display": "100"}, "missing_lines": [], "excluded_lines": [], "start_line": 44}, "": {"executed_lines": [8, 10, 11, 13, 17, 19, 20, 21, 22, 23, 27, 29, 30, 33, 35, 38, 40, 41, 44, 46, 47, 51, 57, 62, 68, 73, 74, 81, 89, 95, 100, 101, 105, 113, 119, 124, 125, 128, 136, 142, 147, 148, 152, 160, 166, 171, 172, 176, 184, 190, 194, 197, 203, 207, 210, 216, 220, 223, 229, 233], "summary": {"covered_lines": 60, "num_statements": 71, "percent_covered": 84.50704225352112, "percent_covered_display": "85", "missing_lines": 11, "excluded_lines": 0, "percent_statements_covered": 84.50704225352112, "percent_statements_covered_display": "85"}, "missing_lines": [59, 82, 83, 106, 107, 129, 130, 153, 154, 177, 178], "excluded_lines": [], "start_line": 1}}}, "app/api/routers/cover_letter.py": {"executed_lines": [9, 10, 11, 12, 14, 24, 26, 27, 31, 38, 39, 43, 46, 49, 52, 56, 69, 76, 100, 102, 112, 127, 139, 145, 166, 168, 209, 211, 212, 218, 224, 307, 313, 331, 332, 337, 338, 341, 347, 362, 363, 365, 366, 376, 379, 385, 405, 406, 411, 412, 417, 420, 426, 444, 445, 450, 451, 456, 459, 465, 545, 551, 568, 569, 571, 582, 585, 591, 606, 609, 615, 649, 655], "summary": {"covered_lines": 73, "num_statements": 156, "percent_covered": 46.794871794871796, "percent_covered_display": "47", "missing_lines": 83, "excluded_lines": 0, "percent_statements_covered": 46.794871794871796, "percent_statements_covered_display": "47"}, "missing_lines": [62, 118, 119, 121, 136, 187, 189, 201, 202, 203, 207, 210, 247, 249, 250, 251, 257, 261, 262, 263, 264, 267, 268, 270, 271, 277, 279, 283, 289, 290, 291, 296, 298, 299, 300, 301, 333, 407, 413, 446, 452, 483, 484, 485, 491, 492, 498, 501, 518, 519, 520, 523, 524, 526, 528, 529, 534, 537, 538, 572, 626, 627, 628, 629, 632, 633, 634, 640, 642, 643, 673, 674, 675, 676, 681, 682, 685, 686, 689, 691, 692, 693, 694], "excluded_lines": [], "functions": {"get_ai_generator": {"executed_lines": [], "summary": {"covered_lines": 0, "num_statements": 1, "percent_covered": 0.0, "percent_covered_display": "0", "missing_lines": 1, "excluded_lines": 0, "percent_statements_covered": 0.0, "percent_statements_covered_display": "0"}, "missing_lines": [62], "excluded_lines": [], "start_line": 56}, "generate_cover_letter_with_ai": {"executed_lines": [100, 102, 112], "summary": {"covered_lines": 3, "num_statements": 6, "percent_covered": 50.0, "percent_covered_display": "50", "missing_lines": 3, "excluded_lines": 0, "percent_statements_covered": 50.0, "percent_statements_covered_display": "50"}, "missing_lines": [118, 119, 121], "excluded_lines": [], "start_line": 76}, "get_cover_letter_repository": {"executed_lines": [], "summary": {"covered_lines": 0, "num_statements": 1, "percent_covered": 0.0, "percent_covered_display": "0", "missing_lines": 1, "excluded_lines": 0, "percent_statements_covered": 0.0, "percent_statements_covered_display": "0"}, "missing_lines": [136], "excluded_lines": [], "start_line": 127}, "create_cover_letter": {"executed_lines": [166, 168, 209, 211, 212], "summary": {"covered_lines": 5, "num_statements": 12, "percent_covered": 41.666666666666664, "percent_covered_display": "42", "missing_lines": 7, "excluded_lines": 0, "percent_statements_covered": 41.666666666666664, "percent_statements_covered_display": "42"}, "missing_lines": [187, 189, 201, 202, 203, 207, 210], "excluded_lines": [], "start_line": 145}, "generate_cover_letter": {"executed_lines": [], "summary": {"covered_lines": 0, "num_statements": 24, "percent_covered": 0.0, "percent_covered_display": "0", "missing_lines": 24, "excluded_lines": 0, "percent_statements_covered": 0.0, "percent_statements_covered_display": "0"}, "missing_lines": [247, 249, 250, 251, 257, 261, 262, 263, 264, 267, 268, 270, 271, 277, 279, 283, 289, 290, 291, 296, 298, 299, 300, 301], "excluded_lines": [], "start_line": 224}, "get_cover_letter": {"executed_lines": [331, 332, 337, 338], "summary": {"covered_lines": 4, "num_statements": 5, "percent_covered": 80.0, "percent_covered_display": "80", "missing_lines": 1, "excluded_lines": 0, "percent_statements_covered": 80.0, "percent_statements_covered_display": "80"}, "missing_lines": [333], "excluded_lines": [], "start_line": 313}, "get_user_cover_letters": {"executed_lines": [362, 363, 365, 366, 376], "summary": {"covered_lines": 5, "num_statements": 5, "percent_covered": 100.0, "percent_covered_display": "100", "missing_lines": 0, "excluded_lines": 0, "percent_statements_covered": 100.0, "percent_statements_covered_display": "100"}, "missing_lines": [], "excluded_lines": [], "start_line": 347}, "update_cover_letter": {"executed_lines": [405, 406, 411, 412, 417], "summary": {"covered_lines": 5, "num_statements": 7, "percent_covered": 71.42857142857143, "percent_covered_display": "71", "missing_lines": 2, "excluded_lines": 0, "percent_statements_covered": 71.42857142857143, "percent_statements_covered_display": "71"}, "missing_lines": [407, 413], "excluded_lines": [], "start_line": 385}, "delete_cover_letter": {"executed_lines": [444, 445, 450, 451, 456], "summary": {"covered_lines": 5, "num_statements": 7, "percent_covered": 71.42857142857143, "percent_covered_display": "71", "missing_lines": 2, "excluded_lines": 0, "percent_statements_covered": 71.42857142857143, "percent_statements_covered_display": "71"}, "missing_lines": [446, 452], "excluded_lines": [], "start_line": 426}, "download_cover_letter_pdf": {"executed_lines": [], "summary": {"covered_lines": 0, "num_statements": 18, "percent_covered": 0.0, "percent_covered_display": "0", "missing_lines": 18, "excluded_lines": 0, "percent_statements_covered": 0.0, "percent_statements_covered_display": "0"}, "missing_lines": [483, 484, 485, 491, 492, 498, 501, 518, 519, 520, 523, 524, 526, 528, 529, 534, 537, 538], "excluded_lines": [], "start_line": 465}, "search_cover_letters": {"executed_lines": [568, 569, 571, 582], "summary": {"covered_lines": 4, "num_statements": 5, "percent_covered": 80.0, "percent_covered_display": "80", "missing_lines": 1, "excluded_lines": 0, "percent_statements_covered": 80.0, "percent_statements_covered_display": "80"}, "missing_lines": [572], "excluded_lines": [], "start_line": 551}, "get_cover_letter_statistics": {"executed_lines": [606], "summary": {"covered_lines": 1, "num_statements": 1, "percent_covered": 100.0, "percent_covered_display": "100", "missing_lines": 0, "excluded_lines": 0, "percent_statements_covered": 100.0, "percent_statements_covered_display": "100"}, "missing_lines": [], "excluded_lines": [], "start_line": 591}, "get_cover_letter_templates": {"executed_lines": [], "summary": {"covered_lines": 0, "num_statements": 10, "percent_covered": 0.0, "percent_covered_display": "0", "missing_lines": 10, "excluded_lines": 0, "percent_statements_covered": 0.0, "percent_statements_covered_display": "0"}, "missing_lines": [626, 627, 628, 629, 632, 633, 634, 640, 642, 643], "excluded_lines": [], "start_line": 615}, "preview_cover_letter": {"executed_lines": [], "summary": {"covered_lines": 0, "num_statements": 13, "percent_covered": 0.0, "percent_covered_display": "0", "missing_lines": 13, "excluded_lines": 0, "percent_statements_covered": 0.0, "percent_statements_covered_display": "0"}, "missing_lines": [673, 674, 675, 676, 681, 682, 685, 686, 689, 691, 692, 693, 694], "excluded_lines": [], "start_line": 655}, "": {"executed_lines": [9, 10, 11, 12, 14, 24, 26, 27, 31, 38, 39, 43, 46, 49, 52, 56, 69, 76, 127, 139, 145, 218, 224, 307, 313, 341, 347, 379, 385, 420, 426, 459, 465, 545, 551, 585, 591, 609, 615, 649, 655], "summary": {"covered_lines": 41, "num_statements": 41, "percent_covered": 100.0, "percent_covered_display": "100", "missing_lines": 0, "excluded_lines": 0, "percent_statements_covered": 100.0, "percent_statements_covered_display": "100"}, "missing_lines": [], "excluded_lines": [], "start_line": 1}}, "classes": {"": {"executed_lines": [9, 10, 11, 12, 14, 24, 26, 27, 31, 38, 39, 43, 46, 49, 52, 56, 69, 76, 100, 102, 112, 127, 139, 145, 166, 168, 209, 211, 212, 218, 224, 307, 313, 331, 332, 337, 338, 341, 347, 362, 363, 365, 366, 376, 379, 385, 405, 406, 411, 412, 417, 420, 426, 444, 445, 450, 451, 456, 459, 465, 545, 551, 568, 569, 571, 582, 585, 591, 606, 609, 615, 649, 655], "summary": {"covered_lines": 73, "num_statements": 156, "percent_covered": 46.794871794871796, "percent_covered_display": "47", "missing_lines": 83, "excluded_lines": 0, "percent_statements_covered": 46.794871794871796, "percent_statements_covered_display": "47"}, "missing_lines": [62, 118, 119, 121, 136, 187, 189, 201, 202, 203, 207, 210, 247, 249, 250, 251, 257, 261, 262, 263, 264, 267, 268, 270, 271, 277, 279, 283, 289, 290, 291, 296, 298, 299, 300, 301, 333, 407, 413, 446, 452, 483, 484, 485, 491, 492, 498, 501, 518, 519, 520, 523, 524, 526, 528, 529, 534, 537, 538, 572, 626, 627, 628, 629, 632, 633, 634, 640, 642, 643, 673, 674, 675, 676, 681, 682, 685, 686, 689, 691, 692, 693, 694], "excluded_lines": [], "start_line": 1}}}, "app/api/routers/resume.py": {"executed_lines": [9, 10, 11, 12, 13, 14, 15, 16, 18, 19, 20, 32, 33, 35, 36, 37, 38, 39, 40, 41, 42, 45, 48, 51, 54, 66, 67, 76, 79, 80, 81, 83, 88, 91, 95, 98, 101, 106, 109, 110, 111, 114, 117, 118, 119, 120, 121, 123, 127, 130, 133, 135, 137, 140, 143, 145, 147, 151, 154, 155, 157, 158, 161, 164, 166, 169, 172, 177, 180, 181, 182, 185, 187, 189, 191, 196, 199, 212, 218, 247, 248, 252, 253, 260, 272, 282, 285, 298, 300, 302, 306, 307, 308, 310, 312, 317, 318, 320, 327, 334, 336, 350, 352, 353, 363, 368, 384, 390, 485, 491, 582, 588, 632, 638, 688, 694, 701, 707, 757, 763, 814, 820, 892, 898, 899, 920, 922, 923, 924, 932, 938, 972, 973, 975, 976, 978, 979, 980, 981, 998, 999, 1001, 1004, 1020, 1021, 1026, 1034, 1059, 1060, 1062, 1068, 1073, 1074, 1079, 1082, 1088, 1153, 1159, 1181, 1182, 1187, 1188, 1193, 1196, 1202, 1223, 1225, 1226, 1231, 1232, 1237, 1240, 1246, 1247, 1274, 1276, 1280, 1281, 1282, 1288, 1292, 1294, 1296, 1299, 1300, 1303, 1308, 1313, 1314, 1315, 1316, 1317, 1321, 1327, 1333, 1336, 1353, 1368, 1369, 1370, 1373, 1375, 1378, 1381, 1383, 1390, 1391, 1392, 1394, 1396, 1401, 1403, 1406, 1407, 1409, 1410, 1412, 1413, 1416, 1418, 1419, 1422, 1430, 1436, 1437, 1438, 1440, 1441, 1442, 1445, 1448, 1459, 1462, 1467, 1468, 1470, 1471, 1472, 1473, 1474, 1475, 1476, 1478, 1480, 1481, 1484, 1486, 1490, 1501, 1504, 1505, 1509, 1512, 1524, 1526, 1534, 1536, 1537, 1541, 1542, 1545, 1547, 1548, 1549, 1550, 1563, 1564, 1565, 1573, 1583, 1586, 1625, 1631, 1632, 1658, 1660, 1664, 1665, 1666, 1674, 1675, 1676, 1678, 1679, 1680, 1681, 1682, 1685, 1686, 1691, 1692, 1695, 1696, 1697, 1700, 1701, 1708, 1711, 1712, 1713, 1716, 1717, 1719, 1731, 1764, 1769, 1797, 1799, 1800, 1801, 1920, 1925, 1949, 1955, 1975, 1976, 1977, 1984, 1989, 1990, 1996, 2011, 2017, 2073, 2079, 2136, 2143], "summary": {"covered_lines": 327, "num_statements": 697, "percent_covered": 46.91535150645624, "percent_covered_display": "47", "missing_lines": 370, "excluded_lines": 0, "percent_statements_covered": 46.91535150645624, "percent_statements_covered_display": "47"}, "missing_lines": [68, 69, 209, 261, 266, 273, 277, 286, 292, 328, 354, 359, 369, 371, 372, 374, 378, 415, 417, 418, 420, 421, 427, 428, 429, 435, 438, 440, 441, 442, 444, 445, 449, 450, 456, 459, 467, 468, 469, 474, 476, 477, 478, 479, 517, 519, 520, 522, 523, 529, 532, 534, 535, 536, 538, 539, 543, 544, 550, 553, 564, 565, 566, 571, 573, 574, 575, 576, 608, 610, 611, 623, 625, 626, 660, 662, 663, 664, 669, 679, 680, 681, 682, 698, 729, 731, 732, 733, 739, 740, 741, 746, 748, 749, 750, 751, 782, 783, 784, 786, 803, 807, 808, 837, 839, 842, 843, 844, 850, 851, 852, 854, 855, 861, 865, 866, 869, 876, 882, 883, 884, 885, 886, 928, 929, 982, 983, 984, 985, 986, 987, 988, 989, 990, 992, 993, 995, 996, 1002, 1027, 1035, 1036, 1037, 1038, 1039, 1040, 1041, 1044, 1046, 1048, 1049, 1050, 1051, 1053, 1054, 1055, 1056, 1063, 1069, 1108, 1110, 1112, 1114, 1115, 1121, 1129, 1130, 1131, 1132, 1134, 1136, 1137, 1142, 1144, 1145, 1146, 1147, 1183, 1189, 1227, 1233, 1283, 1284, 1318, 1319, 1328, 1334, 1337, 1342, 1347, 1354, 1355, 1356, 1357, 1384, 1385, 1393, 1395, 1397, 1398, 1399, 1431, 1433, 1449, 1450, 1454, 1456, 1482, 1487, 1491, 1506, 1510, 1513, 1514, 1515, 1516, 1517, 1518, 1519, 1520, 1521, 1525, 1527, 1528, 1529, 1530, 1531, 1535, 1538, 1543, 1551, 1552, 1555, 1556, 1557, 1574, 1575, 1576, 1577, 1597, 1599, 1600, 1602, 1603, 1606, 1607, 1608, 1612, 1613, 1614, 1619, 1667, 1668, 1687, 1689, 1702, 1720, 1721, 1723, 1725, 1727, 1728, 1729, 1742, 1743, 1744, 1747, 1748, 1752, 1753, 1758, 1805, 1806, 1810, 1812, 1813, 1815, 1816, 1817, 1820, 1823, 1824, 1827, 1828, 1831, 1833, 1834, 1836, 1842, 1843, 1845, 1848, 1850, 1851, 1857, 1860, 1863, 1864, 1865, 1866, 1867, 1868, 1870, 1871, 1872, 1875, 1876, 1877, 1878, 1880, 1882, 1883, 1884, 1885, 1887, 1890, 1891, 1892, 1893, 1894, 1895, 1896, 1898, 1899, 1900, 1902, 1904, 1905, 1911, 1912, 1913, 1914, 1943, 1978, 1991, 2002, 2003, 2004, 2005, 2037, 2038, 2039, 2040, 2046, 2051, 2052, 2053, 2058, 2064, 2065, 2066, 2067, 2099, 2100, 2101, 2102, 2108, 2115, 2116, 2117, 2122, 2127, 2128, 2129, 2130, 2162, 2171, 2174, 2178, 2180], "excluded_lines": [], "functions": {"validate_object_id": {"executed_lines": [66, 67], "summary": {"covered_lines": 2, "num_statements": 4, "percent_covered": 50.0, "percent_covered_display": "50", "missing_lines": 2, "excluded_lines": 0, "percent_statements_covered": 50.0, "percent_statements_covered_display": "50"}, "missing_lines": [68, 69], "excluded_lines": [], "start_line": 54}, "get_resume_repository": {"executed_lines": [], "summary": {"covered_lines": 0, "num_statements": 1, "percent_covered": 0.0, "percent_covered_display": "0", "missing_lines": 1, "excluded_lines": 0, "percent_statements_covered": 0.0, "percent_statements_covered_display": "0"}, "missing_lines": [209], "excluded_lines": [], "start_line": 199}, "create_resume": {"executed_lines": [247, 248, 252, 253, 260, 272, 282, 285, 298, 300, 302, 306, 307, 308, 310, 312, 317, 318, 320, 327, 334, 336, 350, 352, 353, 363, 368], "summary": {"covered_lines": 27, "num_statements": 41, "percent_covered": 65.85365853658537, "percent_covered_display": "66", "missing_lines": 14, "excluded_lines": 0, "percent_statements_covered": 65.85365853658537, "percent_statements_covered_display": "66"}, "missing_lines": [261, 266, 273, 277, 286, 292, 328, 354, 359, 369, 371, 372, 374, 378], "excluded_lines": [], "start_line": 218}, "replace_master_cv": {"executed_lines": [], "summary": {"covered_lines": 0, "num_statements": 27, "percent_covered": 0.0, "percent_covered_display": "0", "missing_lines": 27, "excluded_lines": 0, "percent_statements_covered": 0.0, "percent_statements_covered_display": "0"}, "missing_lines": [415, 417, 418, 420, 421, 427, 428, 429, 435, 438, 440, 441, 442, 444, 445, 449, 450, 456, 459, 467, 468, 469, 474, 476, 477, 478, 479], "excluded_lines": [], "start_line": 390}, "upload_master_cv": {"executed_lines": [], "summary": {"covered_lines": 0, "num_statements": 24, "percent_covered": 0.0, "percent_covered_display": "0", "missing_lines": 24, "excluded_lines": 0, "percent_statements_covered": 0.0, "percent_statements_covered_display": "0"}, "missing_lines": [517, 519, 520, 522, 523, 529, 532, 534, 535, 536, 538, 539, 543, 544, 550, 553, 564, 565, 566, 571, 573, 574, 575, 576], "excluded_lines": [], "start_line": 491}, "get_master_cvs": {"executed_lines": [], "summary": {"covered_lines": 0, "num_statements": 6, "percent_covered": 0.0, "percent_covered_display": "0", "missing_lines": 6, "excluded_lines": 0, "percent_statements_covered": 0.0, "percent_statements_covered_display": "0"}, "missing_lines": [608, 610, 611, 623, 625, 626], "excluded_lines": [], "start_line": 588}, "get_master_cv_by_id": {"executed_lines": [], "summary": {"covered_lines": 0, "num_statements": 9, "percent_covered": 0.0, "percent_covered_display": "0", "missing_lines": 9, "excluded_lines": 0, "percent_statements_covered": 0.0, "percent_statements_covered_display": "0"}, "missing_lines": [660, 662, 663, 664, 669, 679, 680, 681, 682], "excluded_lines": [], "start_line": 638}, "test_master_cv_endpoint": {"executed_lines": [], "summary": {"covered_lines": 0, "num_statements": 1, "percent_covered": 0.0, "percent_covered_display": "0", "missing_lines": 1, "excluded_lines": 0, "percent_statements_covered": 0.0, "percent_statements_covered_display": "0"}, "missing_lines": [698], "excluded_lines": [], "start_line": 694}, "delete_master_cv": {"executed_lines": [], "summary": {"covered_lines": 0, "num_statements": 12, "percent_covered": 0.0, "percent_covered_display": "0", "missing_lines": 12, "excluded_lines": 0, "percent_statements_covered": 0.0, "percent_statements_covered_display": "0"}, "missing_lines": [729, 731, 732, 733, 739, 740, 741, 746, 748, 749, 750, 751], "excluded_lines": [], "start_line": 707}, "get_templates": {"executed_lines": [], "summary": {"covered_lines": 0, "num_statements": 7, "percent_covered": 0.0, "percent_covered_display": "0", "missing_lines": 7, "excluded_lines": 0, "percent_statements_covered": 0.0, "percent_statements_covered_display": "0"}, "missing_lines": [782, 783, 784, 786, 803, 807, 808], "excluded_lines": [], "start_line": 763}, "generate_cover_letter": {"executed_lines": [], "summary": {"covered_lines": 0, "num_statements": 20, "percent_covered": 0.0, "percent_covered_display": "0", "missing_lines": 20, "excluded_lines": 0, "percent_statements_covered": 0.0, "percent_statements_covered_display": "0"}, "missing_lines": [837, 839, 842, 843, 844, 850, 851, 852, 854, 855, 861, 865, 866, 869, 876, 882, 883, 884, 885, 886], "excluded_lines": [], "start_line": 820}, "get_resume": {"executed_lines": [920, 922, 923, 924], "summary": {"covered_lines": 4, "num_statements": 6, "percent_covered": 66.66666666666667, "percent_covered_display": "67", "missing_lines": 2, "excluded_lines": 0, "percent_statements_covered": 66.66666666666667, "percent_statements_covered_display": "67"}, "missing_lines": [928, 929], "excluded_lines": [], "start_line": 899}, "get_user_resumes": {"executed_lines": [972, 973, 975, 976, 978, 979, 980, 981, 998, 999, 1001, 1004, 1020, 1021, 1026, 1034, 1059, 1060, 1062, 1068, 1073, 1074, 1079], "summary": {"covered_lines": 23, "num_statements": 57, "percent_covered": 40.35087719298246, "percent_covered_display": "40", "missing_lines": 34, "excluded_lines": 0, "percent_statements_covered": 40.35087719298246, "percent_statements_covered_display": "40"}, "missing_lines": [982, 983, 984, 985, 986, 987, 988, 989, 990, 992, 993, 995, 996, 1002, 1027, 1035, 1036, 1037, 1038, 1039, 1040, 1041, 1044, 1046, 1048, 1049, 1050, 1051, 1053, 1054, 1055, 1056, 1063, 1069], "excluded_lines": [], "start_line": 938}, "update_resume_status": {"executed_lines": [], "summary": {"covered_lines": 0, "num_statements": 18, "percent_covered": 0.0, "percent_covered_display": "0", "missing_lines": 18, "excluded_lines": 0, "percent_statements_covered": 0.0, "percent_statements_covered_display": "0"}, "missing_lines": [1108, 1110, 1112, 1114, 1115, 1121, 1129, 1130, 1131, 1132, 1134, 1136, 1137, 1142, 1144, 1145, 1146, 1147], "excluded_lines": [], "start_line": 1088}, "update_resume": {"executed_lines": [1181, 1182, 1187, 1188, 1193], "summary": {"covered_lines": 5, "num_statements": 7, "percent_covered": 71.42857142857143, "percent_covered_display": "71", "missing_lines": 2, "excluded_lines": 0, "percent_statements_covered": 71.42857142857143, "percent_statements_covered_display": "71"}, "missing_lines": [1183, 1189], "excluded_lines": [], "start_line": 1159}, "delete_resume": {"executed_lines": [1223, 1225, 1226, 1231, 1232, 1237], "summary": {"covered_lines": 6, "num_statements": 8, "percent_covered": 75.0, "percent_covered_display": "75", "missing_lines": 2, "excluded_lines": 0, "percent_statements_covered": 75.0, "percent_statements_covered_display": "75"}, "missing_lines": [1227, 1233], "excluded_lines": [], "start_line": 1202}, "optimize_resume": {"executed_lines": [1274, 1276, 1280, 1281, 1282, 1288, 1292, 1294, 1296, 1299, 1300, 1303, 1308, 1313, 1314, 1315, 1316, 1317, 1321, 1327, 1333, 1336, 1353, 1368, 1369, 1370, 1373, 1375, 1378, 1381, 1383, 1390, 1391, 1392, 1394, 1396, 1401, 1403, 1406, 1407, 1409, 1410, 1412, 1413, 1416, 1418, 1419, 1422, 1430, 1436, 1437, 1438, 1440, 1441, 1442, 1445, 1448, 1459, 1462, 1467, 1468, 1470, 1484, 1547, 1548, 1549, 1550, 1563, 1564, 1565, 1573, 1583, 1586], "summary": {"covered_lines": 73, "num_statements": 113, "percent_covered": 64.60176991150442, "percent_covered_display": "65", "missing_lines": 40, "excluded_lines": 0, "percent_statements_covered": 64.60176991150442, "percent_statements_covered_display": "65"}, "missing_lines": [1283, 1284, 1318, 1319, 1328, 1334, 1384, 1385, 1393, 1395, 1397, 1398, 1399, 1431, 1433, 1449, 1450, 1454, 1456, 1551, 1552, 1555, 1556, 1557, 1574, 1575, 1576, 1577, 1597, 1599, 1600, 1602, 1603, 1606, 1607, 1608, 1612, 1613, 1614, 1619], "excluded_lines": [], "start_line": 1247}, "optimize_resume._get_local_llm_config": {"executed_lines": [], "summary": {"covered_lines": 0, "num_statements": 3, "percent_covered": 0.0, "percent_covered_display": "0", "missing_lines": 3, "excluded_lines": 0, "percent_statements_covered": 0.0, "percent_statements_covered_display": "0"}, "missing_lines": [1337, 1342, 1347], "excluded_lines": [], "start_line": 1336}, "optimize_resume._should_fallback_to_local": {"executed_lines": [], "summary": {"covered_lines": 0, "num_statements": 4, "percent_covered": 0.0, "percent_covered_display": "0", "missing_lines": 4, "excluded_lines": 0, "percent_statements_covered": 0.0, "percent_statements_covered_display": "0"}, "missing_lines": [1354, 1355, 1356, 1357], "excluded_lines": [], "start_line": 1353}, "optimize_resume.clean_markdown_formatting": {"executed_lines": [1471, 1472, 1473, 1474, 1475, 1476, 1478, 1480, 1481], "summary": {"covered_lines": 9, "num_statements": 10, "percent_covered": 90.0, "percent_covered_display": "90", "missing_lines": 1, "excluded_lines": 0, "percent_statements_covered": 90.0, "percent_statements_covered_display": "90"}, "missing_lines": [1482], "excluded_lines": [], "start_line": 1470}, "optimize_resume.sanitize_for_pydantic": {"executed_lines": [1486, 1490, 1501, 1504, 1505, 1509, 1512, 1524, 1526, 1534, 1536, 1537, 1541, 1542, 1545], "summary": {"covered_lines": 15, "num_statements": 37, "percent_covered": 40.54054054054054, "percent_covered_display": "41", "missing_lines": 22, "excluded_lines": 0, "percent_statements_covered": 40.54054054054054, "percent_statements_covered_display": "41"}, "missing_lines": [1487, 1491, 1506, 1510, 1513, 1514, 1515, 1516, 1517, 1518, 1519, 1520, 1521, 1525, 1527, 1528, 1529, 1530, 1531, 1535, 1538, 1543], "excluded_lines": [], "start_line": 1484}, "score_resume": {"executed_lines": [1658, 1660, 1664, 1665, 1666, 1674, 1675, 1676, 1678, 1679, 1680, 1681, 1682, 1685, 1686, 1691, 1692, 1695, 1696, 1697, 1700, 1701, 1708, 1711, 1712, 1713, 1716, 1717, 1719, 1731], "summary": {"covered_lines": 30, "num_statements": 50, "percent_covered": 60.0, "percent_covered_display": "60", "missing_lines": 20, "excluded_lines": 0, "percent_statements_covered": 60.0, "percent_statements_covered_display": "60"}, "missing_lines": [1667, 1668, 1687, 1689, 1702, 1720, 1721, 1723, 1725, 1727, 1728, 1729, 1742, 1743, 1744, 1747, 1748, 1752, 1753, 1758], "excluded_lines": [], "start_line": 1632}, "download_resume": {"executed_lines": [1797, 1799, 1800, 1801], "summary": {"covered_lines": 4, "num_statements": 65, "percent_covered": 6.153846153846154, "percent_covered_display": "6", "missing_lines": 61, "excluded_lines": 0, "percent_statements_covered": 6.153846153846154, "percent_statements_covered_display": "6"}, "missing_lines": [1805, 1806, 1810, 1812, 1813, 1815, 1816, 1817, 1820, 1823, 1824, 1827, 1828, 1831, 1833, 1834, 1836, 1842, 1843, 1845, 1848, 1850, 1851, 1857, 1860, 1863, 1864, 1865, 1866, 1867, 1868, 1870, 1871, 1872, 1875, 1876, 1877, 1878, 1880, 1882, 1883, 1884, 1885, 1887, 1890, 1891, 1892, 1893, 1894, 1895, 1896, 1898, 1899, 1900, 1902, 1904, 1905, 1911, 1912, 1913, 1914], "excluded_lines": [], "start_line": 1769}, "preview_resume": {"executed_lines": [], "summary": {"covered_lines": 0, "num_statements": 1, "percent_covered": 0.0, "percent_covered_display": "0", "missing_lines": 1, "excluded_lines": 0, "percent_statements_covered": 0.0, "percent_statements_covered_display": "0"}, "missing_lines": [1943], "excluded_lines": [], "start_line": 1925}, "mark_resume_as_applied": {"executed_lines": [1975, 1976, 1977, 1984, 1989, 1990, 1996], "summary": {"covered_lines": 7, "num_statements": 13, "percent_covered": 53.84615384615385, "percent_covered_display": "54", "missing_lines": 6, "excluded_lines": 0, "percent_statements_covered": 53.84615384615385, "percent_statements_covered_display": "54"}, "missing_lines": [1978, 1991, 2002, 2003, 2004, 2005], "excluded_lines": [], "start_line": 1955}, "mark_resume_as_answered": {"executed_lines": [], "summary": {"covered_lines": 0, "num_statements": 13, "percent_covered": 0.0, "percent_covered_display": "0", "missing_lines": 13, "excluded_lines": 0, "percent_statements_covered": 0.0, "percent_statements_covered_display": "0"}, "missing_lines": [2037, 2038, 2039, 2040, 2046, 2051, 2052, 2053, 2058, 2064, 2065, 2066, 2067], "excluded_lines": [], "start_line": 2017}, "reset_resume_status": {"executed_lines": [], "summary": {"covered_lines": 0, "num_statements": 13, "percent_covered": 0.0, "percent_covered_display": "0", "missing_lines": 13, "excluded_lines": 0, "percent_statements_covered": 0.0, "percent_statements_covered_display": "0"}, "missing_lines": [2099, 2100, 2101, 2102, 2108, 2115, 2116, 2117, 2122, 2127, 2128, 2129, 2130], "excluded_lines": [], "start_line": 2079}, "submit_contact_form": {"executed_lines": [], "summary": {"covered_lines": 0, "num_statements": 5, "percent_covered": 0.0, "percent_covered_display": "0", "missing_lines": 5, "excluded_lines": 0, "percent_statements_covered": 0.0, "percent_statements_covered_display": "0"}, "missing_lines": [2162, 2171, 2174, 2178, 2180], "excluded_lines": [], "start_line": 2143}, "": {"executed_lines": [9, 10, 11, 12, 13, 14, 15, 16, 18, 19, 20, 32, 33, 35, 36, 37, 38, 39, 40, 41, 42, 45, 48, 51, 54, 76, 79, 80, 81, 83, 88, 91, 95, 98, 101, 106, 109, 110, 111, 114, 117, 118, 119, 120, 121, 123, 127, 130, 133, 135, 137, 140, 143, 145, 147, 151, 154, 155, 157, 158, 161, 164, 166, 169, 172, 177, 180, 181, 182, 185, 187, 189, 191, 196, 199, 212, 218, 384, 390, 485, 491, 582, 588, 632, 638, 688, 694, 701, 707, 757, 763, 814, 820, 892, 898, 899, 932, 938, 1082, 1088, 1153, 1159, 1196, 1202, 1240, 1246, 1247, 1625, 1631, 1632, 1764, 1769, 1920, 1925, 1949, 1955, 2011, 2017, 2073, 2079, 2136, 2143], "summary": {"covered_lines": 122, "num_statements": 122, "percent_covered": 100.0, "percent_covered_display": "100", "missing_lines": 0, "excluded_lines": 0, "percent_statements_covered": 100.0, "percent_statements_covered_display": "100"}, "missing_lines": [], "excluded_lines": [], "start_line": 1}}, "classes": {"CreateResumeRequest": {"executed_lines": [], "summary": {"covered_lines": 0, "num_statements": 0, "percent_covered": 100.0, "percent_covered_display": "100", "missing_lines": 0, "excluded_lines": 0, "percent_statements_covered": 100.0, "percent_statements_covered_display": "100"}, "missing_lines": [], "excluded_lines": [], "start_line": 76}, "OptimizeResumeRequest": {"executed_lines": [], "summary": {"covered_lines": 0, "num_statements": 0, "percent_covered": 100.0, "percent_covered_display": "100", "missing_lines": 0, "excluded_lines": 0, "percent_statements_covered": 100.0, "percent_statements_covered_display": "100"}, "missing_lines": [], "excluded_lines": [], "start_line": 88}, "ResumeSummary": {"executed_lines": [], "summary": {"covered_lines": 0, "num_statements": 0, "percent_covered": 100.0, "percent_covered_display": "100", "missing_lines": 0, "excluded_lines": 0, "percent_statements_covered": 100.0, "percent_statements_covered_display": "100"}, "missing_lines": [], "excluded_lines": [], "start_line": 106}, "OptimizationResponse": {"executed_lines": [], "summary": {"covered_lines": 0, "num_statements": 0, "percent_covered": 100.0, "percent_covered_display": "100", "missing_lines": 0, "excluded_lines": 0, "percent_statements_covered": 100.0, "percent_statements_covered_display": "100"}, "missing_lines": [], "excluded_lines": [], "start_line": 127}, "ContactFormRequest": {"executed_lines": [], "summary": {"covered_lines": 0, "num_statements": 0, "percent_covered": 100.0, "percent_covered_display": "100", "missing_lines": 0, "excluded_lines": 0, "percent_statements_covered": 100.0, "percent_statements_covered_display": "100"}, "missing_lines": [], "excluded_lines": [], "start_line": 151}, "ContactFormResponse": {"executed_lines": [], "summary": {"covered_lines": 0, "num_statements": 0, "percent_covered": 100.0, "percent_covered_display": "100", "missing_lines": 0, "excluded_lines": 0, "percent_statements_covered": 100.0, "percent_statements_covered_display": "100"}, "missing_lines": [], "excluded_lines": [], "start_line": 161}, "ScoreResumeRequest": {"executed_lines": [], "summary": {"covered_lines": 0, "num_statements": 0, "percent_covered": 100.0, "percent_covered_display": "100", "missing_lines": 0, "excluded_lines": 0, "percent_statements_covered": 100.0, "percent_statements_covered_display": "100"}, "missing_lines": [], "excluded_lines": [], "start_line": 169}, "ResumeScoreResponse": {"executed_lines": [], "summary": {"covered_lines": 0, "num_statements": 0, "percent_covered": 100.0, "percent_covered_display": "100", "missing_lines": 0, "excluded_lines": 0, "percent_statements_covered": 100.0, "percent_statements_covered_display": "100"}, "missing_lines": [], "excluded_lines": [], "start_line": 177}, "": {"executed_lines": [9, 10, 11, 12, 13, 14, 15, 16, 18, 19, 20, 32, 33, 35, 36, 37, 38, 39, 40, 41, 42, 45, 48, 51, 54, 66, 67, 76, 79, 80, 81, 83, 88, 91, 95, 98, 101, 106, 109, 110, 111, 114, 117, 118, 119, 120, 121, 123, 127, 130, 133, 135, 137, 140, 143, 145, 147, 151, 154, 155, 157, 158, 161, 164, 166, 169, 172, 177, 180, 181, 182, 185, 187, 189, 191, 196, 199, 212, 218, 247, 248, 252, 253, 260, 272, 282, 285, 298, 300, 302, 306, 307, 308, 310, 312, 317, 318, 320, 327, 334, 336, 350, 352, 353, 363, 368, 384, 390, 485, 491, 582, 588, 632, 638, 688, 694, 701, 707, 757, 763, 814, 820, 892, 898, 899, 920, 922, 923, 924, 932, 938, 972, 973, 975, 976, 978, 979, 980, 981, 998, 999, 1001, 1004, 1020, 1021, 1026, 1034, 1059, 1060, 1062, 1068, 1073, 1074, 1079, 1082, 1088, 1153, 1159, 1181, 1182, 1187, 1188, 1193, 1196, 1202, 1223, 1225, 1226, 1231, 1232, 1237, 1240, 1246, 1247, 1274, 1276, 1280, 1281, 1282, 1288, 1292, 1294, 1296, 1299, 1300, 1303, 1308, 1313, 1314, 1315, 1316, 1317, 1321, 1327, 1333, 1336, 1353, 1368, 1369, 1370, 1373, 1375, 1378, 1381, 1383, 1390, 1391, 1392, 1394, 1396, 1401, 1403, 1406, 1407, 1409, 1410, 1412, 1413, 1416, 1418, 1419, 1422, 1430, 1436, 1437, 1438, 1440, 1441, 1442, 1445, 1448, 1459, 1462, 1467, 1468, 1470, 1471, 1472, 1473, 1474, 1475, 1476, 1478, 1480, 1481, 1484, 1486, 1490, 1501, 1504, 1505, 1509, 1512, 1524, 1526, 1534, 1536, 1537, 1541, 1542, 1545, 1547, 1548, 1549, 1550, 1563, 1564, 1565, 1573, 1583, 1586, 1625, 1631, 1632, 1658, 1660, 1664, 1665, 1666, 1674, 1675, 1676, 1678, 1679, 1680, 1681, 1682, 1685, 1686, 1691, 1692, 1695, 1696, 1697, 1700, 1701, 1708, 1711, 1712, 1713, 1716, 1717, 1719, 1731, 1764, 1769, 1797, 1799, 1800, 1801, 1920, 1925, 1949, 1955, 1975, 1976, 1977, 1984, 1989, 1990, 1996, 2011, 2017, 2073, 2079, 2136, 2143], "summary": {"covered_lines": 327, "num_statements": 697, "percent_covered": 46.91535150645624, "percent_covered_display": "47", "missing_lines": 370, "excluded_lines": 0, "percent_statements_covered": 46.91535150645624, "percent_statements_covered_display": "47"}, "missing_lines": [68, 69, 209, 261, 266, 273, 277, 286, 292, 328, 354, 359, 369, 371, 372, 374, 378, 415, 417, 418, 420, 421, 427, 428, 429, 435, 438, 440, 441, 442, 444, 445, 449, 450, 456, 459, 467, 468, 469, 474, 476, 477, 478, 479, 517, 519, 520, 522, 523, 529, 532, 534, 535, 536, 538, 539, 543, 544, 550, 553, 564, 565, 566, 571, 573, 574, 575, 576, 608, 610, 611, 623, 625, 626, 660, 662, 663, 664, 669, 679, 680, 681, 682, 698, 729, 731, 732, 733, 739, 740, 741, 746, 748, 749, 750, 751, 782, 783, 784, 786, 803, 807, 808, 837, 839, 842, 843, 844, 850, 851, 852, 854, 855, 861, 865, 866, 869, 876, 882, 883, 884, 885, 886, 928, 929, 982, 983, 984, 985, 986, 987, 988, 989, 990, 992, 993, 995, 996, 1002, 1027, 1035, 1036, 1037, 1038, 1039, 1040, 1041, 1044, 1046, 1048, 1049, 1050, 1051, 1053, 1054, 1055, 1056, 1063, 1069, 1108, 1110, 1112, 1114, 1115, 1121, 1129, 1130, 1131, 1132, 1134, 1136, 1137, 1142, 1144, 1145, 1146, 1147, 1183, 1189, 1227, 1233, 1283, 1284, 1318, 1319, 1328, 1334, 1337, 1342, 1347, 1354, 1355, 1356, 1357, 1384, 1385, 1393, 1395, 1397, 1398, 1399, 1431, 1433, 1449, 1450, 1454, 1456, 1482, 1487, 1491, 1506, 1510, 1513, 1514, 1515, 1516, 1517, 1518, 1519, 1520, 1521, 1525, 1527, 1528, 1529, 1530, 1531, 1535, 1538, 1543, 1551, 1552, 1555, 1556, 1557, 1574, 1575, 1576, 1577, 1597, 1599, 1600, 1602, 1603, 1606, 1607, 1608, 1612, 1613, 1614, 1619, 1667, 1668, 1687, 1689, 1702, 1720, 1721, 1723, 1725, 1727, 1728, 1729, 1742, 1743, 1744, 1747, 1748, 1752, 1753, 1758, 1805, 1806, 1810, 1812, 1813, 1815, 1816, 1817, 1820, 1823, 1824, 1827, 1828, 1831, 1833, 1834, 1836, 1842, 1843, 1845, 1848, 1850, 1851, 1857, 1860, 1863, 1864, 1865, 1866, 1867, 1868, 1870, 1871, 1872, 1875, 1876, 1877, 1878, 1880, 1882, 1883, 1884, 1885, 1887, 1890, 1891, 1892, 1893, 1894, 1895, 1896, 1898, 1899, 1900, 1902, 1904, 1905, 1911, 1912, 1913, 1914, 1943, 1978, 1991, 2002, 2003, 2004, 2005, 2037, 2038, 2039, 2040, 2046, 2051, 2052, 2053, 2058, 2064, 2065, 2066, 2067, 2099, 2100, 2101, 2102, 2108, 2115, 2116, 2117, 2122, 2127, 2128, 2129, 2130, 2162, 2171, 2174, 2178, 2180], "excluded_lines": [], "start_line": 1}}}, "app/api/routers/token_usage.py": {"executed_lines": [7, 9, 11, 12, 14, 21, 22, 54, 55, 79, 80], "summary": {"covered_lines": 11, "num_statements": 23, "percent_covered": 47.82608695652174, "percent_covered_display": "48", "missing_lines": 12, "excluded_lines": 0, "percent_statements_covered": 47.82608695652174, "percent_statements_covered_display": "48"}, "missing_lines": [40, 41, 46, 47, 48, 69, 70, 71, 72, 73, 89, 91], "excluded_lines": [], "functions": {"get_token_usage_summary": {"executed_lines": [], "summary": {"covered_lines": 0, "num_statements": 5, "percent_covered": 0.0, "percent_covered_display": "0", "missing_lines": 5, "excluded_lines": 0, "percent_statements_covered": 0.0, "percent_statements_covered_display": "0"}, "missing_lines": [40, 41, 46, 47, 48], "excluded_lines": [], "start_line": 22}, "export_token_usage_data": {"executed_lines": [], "summary": {"covered_lines": 0, "num_statements": 5, "percent_covered": 0.0, "percent_covered_display": "0", "missing_lines": 5, "excluded_lines": 0, "percent_statements_covered": 0.0, "percent_statements_covered_display": "0"}, "missing_lines": [69, 70, 71, 72, 73], "excluded_lines": [], "start_line": 55}, "get_model_pricing": {"executed_lines": [], "summary": {"covered_lines": 0, "num_statements": 2, "percent_covered": 0.0, "percent_covered_display": "0", "missing_lines": 2, "excluded_lines": 0, "percent_statements_covered": 0.0, "percent_statements_covered_display": "0"}, "missing_lines": [89, 91], "excluded_lines": [], "start_line": 80}, "": {"executed_lines": [7, 9, 11, 12, 14, 21, 22, 54, 55, 79, 80], "summary": {"covered_lines": 11, "num_statements": 11, "percent_covered": 100.0, "percent_covered_display": "100", "missing_lines": 0, "excluded_lines": 0, "percent_statements_covered": 100.0, "percent_statements_covered_display": "100"}, "missing_lines": [], "excluded_lines": [], "start_line": 1}}, "classes": {"": {"executed_lines": [7, 9, 11, 12, 14, 21, 22, 54, 55, 79, 80], "summary": {"covered_lines": 11, "num_statements": 23, "percent_covered": 47.82608695652174, "percent_covered_display": "48", "missing_lines": 12, "excluded_lines": 0, "percent_statements_covered": 47.82608695652174, "percent_statements_covered_display": "48"}, "missing_lines": [40, 41, 46, 47, 48, 69, 70, 71, 72, 73, 89, 91], "excluded_lines": [], "start_line": 1}}}, "app/cli/__init__.py": {"executed_lines": [], "summary": {"covered_lines": 0, "num_statements": 2, "percent_covered": 0.0, "percent_covered_display": "0", "missing_lines": 2, "excluded_lines": 0, "percent_statements_covered": 0.0, "percent_statements_covered_display": "0"}, "missing_lines": [6, 8], "excluded_lines": [], "functions": {"": {"executed_lines": [], "summary": {"covered_lines": 0, "num_statements": 2, "percent_covered": 0.0, "percent_covered_display": "0", "missing_lines": 2, "excluded_lines": 0, "percent_statements_covered": 0.0, "percent_statements_covered_display": "0"}, "missing_lines": [6, 8], "excluded_lines": [], "start_line": 1}}, "classes": {"": {"executed_lines": [], "summary": {"covered_lines": 0, "num_statements": 2, "percent_covered": 0.0, "percent_covered_display": "0", "missing_lines": 2, "excluded_lines": 0, "percent_statements_covered": 0.0, "percent_statements_covered_display": "0"}, "missing_lines": [6, 8], "excluded_lines": [], "start_line": 1}}}, "app/cli/main.py": {"executed_lines": [], "summary": {"covered_lines": 0, "num_statements": 317, "percent_covered": 0.0, "percent_covered_display": "0", "missing_lines": 317, "excluded_lines": 0, "percent_statements_covered": 0.0, "percent_statements_covered_display": "0"}, "missing_lines": [7, 8, 9, 10, 11, 12, 13, 14, 16, 17, 19, 20, 21, 22, 25, 28, 31, 35, 38, 41, 43, 44, 46, 52, 54, 55, 56, 57, 58, 59, 60, 61, 62, 63, 64, 65, 67, 68, 70, 76, 77, 78, 79, 81, 82, 83, 86, 87, 90, 91, 92, 93, 94, 95, 96, 97, 98, 99, 100, 102, 103, 105, 106, 113, 114, 115, 119, 122, 123, 124, 126, 127, 128, 129, 132, 134, 140, 141, 142, 143, 144, 146, 147, 148, 151, 152, 155, 156, 157, 158, 159, 160, 161, 163, 164, 166, 167, 173, 176, 177, 180, 181, 183, 184, 185, 186, 188, 194, 195, 197, 199, 200, 202, 204, 205, 206, 208, 210, 211, 212, 213, 215, 216, 217, 218, 219, 220, 222, 228, 229, 230, 231, 233, 234, 235, 238, 239, 242, 243, 244, 245, 246, 247, 248, 249, 250, 252, 253, 255, 258, 265, 268, 271, 274, 275, 276, 277, 281, 283, 284, 285, 288, 289, 290, 294, 295, 296, 299, 300, 308, 309, 310, 313, 314, 315, 316, 317, 319, 321, 322, 323, 324, 326, 332, 333, 334, 336, 337, 338, 340, 341, 342, 345, 346, 349, 350, 353, 356, 357, 359, 360, 361, 364, 366, 367, 369, 370, 371, 373, 374, 376, 379, 386, 387, 390, 393, 394, 395, 396, 400, 402, 403, 405, 406, 407, 411, 412, 414, 424, 427, 428, 429, 435, 436, 437, 450, 451, 452, 453, 454, 455, 456, 457, 459, 465, 468, 469, 470, 517, 518, 519, 522, 523, 524, 555, 556, 557, 561, 562, 563, 583, 584, 585, 587, 589, 597, 598, 599, 601, 607, 608, 609, 610, 611, 613, 615, 618, 624, 649, 653, 655, 658, 661, 664, 669, 672, 675, 678, 681, 684, 692, 695, 698, 703, 706, 709, 712, 715, 720, 723, 726, 729, 734, 737, 741, 744, 746, 747, 749, 750, 751, 753, 754, 757, 759, 762, 763], "excluded_lines": [], "functions": {"PowerCVCLI.__init__": {"executed_lines": [], "summary": {"covered_lines": 0, "num_statements": 2, "percent_covered": 0.0, "percent_covered_display": "0", "missing_lines": 2, "excluded_lines": 0, "percent_statements_covered": 0.0, "percent_statements_covered_display": "0"}, "missing_lines": [43, 44], "excluded_lines": [], "start_line": 41}, "PowerCVCLI.run": {"executed_lines": [], "summary": {"covered_lines": 0, "num_statements": 15, "percent_covered": 0.0, "percent_covered_display": "0", "missing_lines": 15, "excluded_lines": 0, "percent_statements_covered": 0.0, "percent_statements_covered_display": "0"}, "missing_lines": [52, 54, 55, 56, 57, 58, 59, 60, 61, 62, 63, 64, 65, 67, 68], "excluded_lines": [], "start_line": 46}, "PowerCVCLI._cmd_tailor": {"executed_lines": [], "summary": {"covered_lines": 0, "num_statements": 36, "percent_covered": 0.0, "percent_covered_display": "0", "missing_lines": 36, "excluded_lines": 0, "percent_statements_covered": 0.0, "percent_statements_covered_display": "0"}, "missing_lines": [76, 77, 78, 79, 81, 82, 83, 86, 87, 90, 91, 92, 93, 94, 95, 96, 97, 98, 99, 100, 102, 103, 105, 106, 113, 114, 115, 119, 122, 123, 124, 126, 127, 128, 129, 132], "excluded_lines": [], "start_line": 70}, "PowerCVCLI._cmd_cover_letter": {"executed_lines": [], "summary": {"covered_lines": 0, "num_statements": 30, "percent_covered": 0.0, "percent_covered_display": "0", "missing_lines": 30, "excluded_lines": 0, "percent_statements_covered": 0.0, "percent_statements_covered_display": "0"}, "missing_lines": [140, 141, 142, 143, 144, 146, 147, 148, 151, 152, 155, 156, 157, 158, 159, 160, 161, 163, 164, 166, 167, 173, 176, 177, 180, 181, 183, 184, 185, 186], "excluded_lines": [], "start_line": 134}, "PowerCVCLI._cmd_scrape": {"executed_lines": [], "summary": {"covered_lines": 0, "num_statements": 20, "percent_covered": 0.0, "percent_covered_display": "0", "missing_lines": 20, "excluded_lines": 0, "percent_statements_covered": 0.0, "percent_statements_covered_display": "0"}, "missing_lines": [194, 195, 197, 199, 200, 202, 204, 205, 206, 208, 210, 211, 212, 213, 215, 216, 217, 218, 219, 220], "excluded_lines": [], "start_line": 188}, "PowerCVCLI._cmd_optimize": {"executed_lines": [], "summary": {"covered_lines": 0, "num_statements": 54, "percent_covered": 0.0, "percent_covered_display": "0", "missing_lines": 54, "excluded_lines": 0, "percent_statements_covered": 0.0, "percent_statements_covered_display": "0"}, "missing_lines": [228, 229, 230, 231, 233, 234, 235, 238, 239, 242, 243, 244, 245, 246, 247, 248, 249, 250, 252, 253, 255, 258, 265, 268, 271, 274, 275, 276, 277, 281, 283, 284, 285, 288, 289, 290, 294, 295, 296, 299, 300, 308, 309, 310, 313, 314, 315, 316, 317, 319, 321, 322, 323, 324], "excluded_lines": [], "start_line": 222}, "PowerCVCLI._cmd_batch": {"executed_lines": [], "summary": {"covered_lines": 0, "num_statements": 60, "percent_covered": 0.0, "percent_covered_display": "0", "missing_lines": 60, "excluded_lines": 0, "percent_statements_covered": 0.0, "percent_statements_covered_display": "0"}, "missing_lines": [332, 333, 334, 336, 337, 338, 340, 341, 342, 345, 346, 349, 350, 353, 356, 357, 359, 360, 361, 364, 366, 367, 369, 370, 371, 373, 374, 376, 379, 386, 387, 390, 393, 394, 395, 396, 400, 402, 403, 405, 406, 407, 411, 412, 414, 424, 427, 428, 429, 435, 436, 437, 450, 451, 452, 453, 454, 455, 456, 457], "excluded_lines": [], "start_line": 326}, "PowerCVCLI._cmd_init": {"executed_lines": [], "summary": {"covered_lines": 0, "num_statements": 20, "percent_covered": 0.0, "percent_covered_display": "0", "missing_lines": 20, "excluded_lines": 0, "percent_statements_covered": 0.0, "percent_statements_covered_display": "0"}, "missing_lines": [465, 468, 469, 470, 517, 518, 519, 522, 523, 524, 555, 556, 557, 561, 562, 563, 583, 584, 585, 587], "excluded_lines": [], "start_line": 459}, "PowerCVCLI._save_output": {"executed_lines": [], "summary": {"covered_lines": 0, "num_statements": 3, "percent_covered": 0.0, "percent_covered_display": "0", "missing_lines": 3, "excluded_lines": 0, "percent_statements_covered": 0.0, "percent_statements_covered_display": "0"}, "missing_lines": [597, 598, 599], "excluded_lines": [], "start_line": 589}, "PowerCVCLI._print_summary": {"executed_lines": [], "summary": {"covered_lines": 0, "num_statements": 7, "percent_covered": 0.0, "percent_covered_display": "0", "missing_lines": 7, "excluded_lines": 0, "percent_statements_covered": 0.0, "percent_statements_covered_display": "0"}, "missing_lines": [607, 608, 609, 610, 611, 613, 615], "excluded_lines": [], "start_line": 601}, "create_parser": {"executed_lines": [], "summary": {"covered_lines": 0, "num_statements": 28, "percent_covered": 0.0, "percent_covered_display": "0", "missing_lines": 28, "excluded_lines": 0, "percent_statements_covered": 0.0, "percent_statements_covered_display": "0"}, "missing_lines": [624, 649, 653, 655, 658, 661, 664, 669, 672, 675, 678, 681, 684, 692, 695, 698, 703, 706, 709, 712, 715, 720, 723, 726, 729, 734, 737, 741], "excluded_lines": [], "start_line": 618}, "main": {"executed_lines": [], "summary": {"covered_lines": 0, "num_statements": 7, "percent_covered": 0.0, "percent_covered_display": "0", "missing_lines": 7, "excluded_lines": 0, "percent_statements_covered": 0.0, "percent_statements_covered_display": "0"}, "missing_lines": [746, 747, 749, 750, 751, 753, 754], "excluded_lines": [], "start_line": 744}, "entry_point": {"executed_lines": [], "summary": {"covered_lines": 0, "num_statements": 1, "percent_covered": 0.0, "percent_covered_display": "0", "missing_lines": 1, "excluded_lines": 0, "percent_statements_covered": 0.0, "percent_statements_covered_display": "0"}, "missing_lines": [759], "excluded_lines": [], "start_line": 757}, "": {"executed_lines": [], "summary": {"covered_lines": 0, "num_statements": 34, "percent_covered": 0.0, "percent_covered_display": "0", "missing_lines": 34, "excluded_lines": 0, "percent_statements_covered": 0.0, "percent_statements_covered_display": "0"}, "missing_lines": [7, 8, 9, 10, 11, 12, 13, 14, 16, 17, 19, 20, 21, 22, 25, 28, 31, 35, 38, 41, 46, 70, 134, 188, 222, 326, 459, 589, 601, 618, 744, 757, 762, 763], "excluded_lines": [], "start_line": 1}}, "classes": {"PowerCVCLI": {"executed_lines": [], "summary": {"covered_lines": 0, "num_statements": 247, "percent_covered": 0.0, "percent_covered_display": "0", "missing_lines": 247, "excluded_lines": 0, "percent_statements_covered": 0.0, "percent_statements_covered_display": "0"}, "missing_lines": [43, 44, 52, 54, 55, 56, 57, 58, 59, 60, 61, 62, 63, 64, 65, 67, 68, 76, 77, 78, 79, 81, 82, 83, 86, 87, 90, 91, 92, 93, 94, 95, 96, 97, 98, 99, 100, 102, 103, 105, 106, 113, 114, 115, 119, 122, 123, 124, 126, 127, 128, 129, 132, 140, 141, 142, 143, 144, 146, 147, 148, 151, 152, 155, 156, 157, 158, 159, 160, 161, 163, 164, 166, 167, 173, 176, 177, 180, 181, 183, 184, 185, 186, 194, 195, 197, 199, 200, 202, 204, 205, 206, 208, 210, 211, 212, 213, 215, 216, 217, 218, 219, 220, 228, 229, 230, 231, 233, 234, 235, 238, 239, 242, 243, 244, 245, 246, 247, 248, 249, 250, 252, 253, 255, 258, 265, 268, 271, 274, 275, 276, 277, 281, 283, 284, 285, 288, 289, 290, 294, 295, 296, 299, 300, 308, 309, 310, 313, 314, 315, 316, 317, 319, 321, 322, 323, 324, 332, 333, 334, 336, 337, 338, 340, 341, 342, 345, 346, 349, 350, 353, 356, 357, 359, 360, 361, 364, 366, 367, 369, 370, 371, 373, 374, 376, 379, 386, 387, 390, 393, 394, 395, 396, 400, 402, 403, 405, 406, 407, 411, 412, 414, 424, 427, 428, 429, 435, 436, 437, 450, 451, 452, 453, 454, 455, 456, 457, 465, 468, 469, 470, 517, 518, 519, 522, 523, 524, 555, 556, 557, 561, 562, 563, 583, 584, 585, 587, 597, 598, 599, 607, 608, 609, 610, 611, 613, 615], "excluded_lines": [], "start_line": 38}, "": {"executed_lines": [], "summary": {"covered_lines": 0, "num_statements": 70, "percent_covered": 0.0, "percent_covered_display": "0", "missing_lines": 70, "excluded_lines": 0, "percent_statements_covered": 0.0, "percent_statements_covered_display": "0"}, "missing_lines": [7, 8, 9, 10, 11, 12, 13, 14, 16, 17, 19, 20, 21, 22, 25, 28, 31, 35, 38, 41, 46, 70, 134, 188, 222, 326, 459, 589, 601, 618, 624, 649, 653, 655, 658, 661, 664, 669, 672, 675, 678, 681, 684, 692, 695, 698, 703, 706, 709, 712, 715, 720, 723, 726, 729, 734, 737, 741, 744, 746, 747, 749, 750, 751, 753, 754, 757, 759, 762, 763], "excluded_lines": [], "start_line": 1}}}, "app/config.py": {"executed_lines": [], "summary": {"covered_lines": 0, "num_statements": 115, "percent_covered": 0.0, "percent_covered_display": "0", "missing_lines": 115, "excluded_lines": 0, "percent_statements_covered": 0.0, "percent_statements_covered_display": "0"}, "missing_lines": [8, 9, 11, 12, 15, 19, 20, 21, 23, 24, 25, 27, 28, 29, 30, 31, 32, 35, 36, 37, 40, 50, 51, 52, 53, 56, 57, 58, 59, 60, 64, 66, 68, 71, 72, 73, 76, 77, 80, 81, 84, 85, 86, 89, 90, 91, 94, 95, 96, 99, 100, 104, 105, 106, 107, 108, 111, 112, 115, 116, 117, 120, 121, 124, 125, 126, 127, 128, 129, 130, 132, 140, 141, 147, 151, 155, 158, 159, 161, 162, 164, 165, 166, 167, 169, 170, 172, 174, 175, 177, 179, 180, 182, 184, 185, 187, 189, 190, 192, 194, 195, 197, 199, 200, 202, 204, 205, 207, 209, 210, 212, 214, 215, 217, 221], "excluded_lines": [], "functions": {"Settings.parse_debug": {"executed_lines": [], "summary": {"covered_lines": 0, "num_statements": 5, "percent_covered": 0.0, "percent_covered_display": "0", "missing_lines": 5, "excluded_lines": 0, "percent_statements_covered": 0.0, "percent_statements_covered_display": "0"}, "missing_lines": [27, 28, 29, 30, 31], "excluded_lines": [], "start_line": 25}, "get_settings": {"executed_lines": [], "summary": {"covered_lines": 0, "num_statements": 1, "percent_covered": 0.0, "percent_covered_display": "0", "missing_lines": 1, "excluded_lines": 0, "percent_statements_covered": 0.0, "percent_statements_covered_display": "0"}, "missing_lines": [147], "excluded_lines": [], "start_line": 141}, "ComputedSettings.MONGODB_URI": {"executed_lines": [], "summary": {"covered_lines": 0, "num_statements": 6, "percent_covered": 0.0, "percent_covered_display": "0", "missing_lines": 6, "excluded_lines": 0, "percent_statements_covered": 0.0, "percent_statements_covered_display": "0"}, "missing_lines": [161, 162, 164, 165, 166, 167], "excluded_lines": [], "start_line": 159}, "ComputedSettings.MONGODB_DB": {"executed_lines": [], "summary": {"covered_lines": 0, "num_statements": 1, "percent_covered": 0.0, "percent_covered_display": "0", "missing_lines": 1, "excluded_lines": 0, "percent_statements_covered": 0.0, "percent_statements_covered_display": "0"}, "missing_lines": [172], "excluded_lines": [], "start_line": 170}, "ComputedSettings.CEREBRAS_API_KEY": {"executed_lines": [], "summary": {"covered_lines": 0, "num_statements": 1, "percent_covered": 0.0, "percent_covered_display": "0", "missing_lines": 1, "excluded_lines": 0, "percent_statements_covered": 0.0, "percent_statements_covered_display": "0"}, "missing_lines": [177], "excluded_lines": [], "start_line": 175}, "ComputedSettings.CEREBRAS_API_BASE": {"executed_lines": [], "summary": {"covered_lines": 0, "num_statements": 1, "percent_covered": 0.0, "percent_covered_display": "0", "missing_lines": 1, "excluded_lines": 0, "percent_statements_covered": 0.0, "percent_statements_covered_display": "0"}, "missing_lines": [182], "excluded_lines": [], "start_line": 180}, "ComputedSettings.CEREBRAS_MODEL": {"executed_lines": [], "summary": {"covered_lines": 0, "num_statements": 1, "percent_covered": 0.0, "percent_covered_display": "0", "missing_lines": 1, "excluded_lines": 0, "percent_statements_covered": 0.0, "percent_statements_covered_display": "0"}, "missing_lines": [187], "excluded_lines": [], "start_line": 185}, "ComputedSettings.API_BASE": {"executed_lines": [], "summary": {"covered_lines": 0, "num_statements": 1, "percent_covered": 0.0, "percent_covered_display": "0", "missing_lines": 1, "excluded_lines": 0, "percent_statements_covered": 0.0, "percent_statements_covered_display": "0"}, "missing_lines": [212], "excluded_lines": [], "start_line": 210}, "ComputedSettings.API_MODEL_NAME": {"executed_lines": [], "summary": {"covered_lines": 0, "num_statements": 1, "percent_covered": 0.0, "percent_covered_display": "0", "missing_lines": 1, "excluded_lines": 0, "percent_statements_covered": 0.0, "percent_statements_covered_display": "0"}, "missing_lines": [217], "excluded_lines": [], "start_line": 215}, "ComputedSettings.cors_origins": {"executed_lines": [], "summary": {"covered_lines": 0, "num_statements": 1, "percent_covered": 0.0, "percent_covered_display": "0", "missing_lines": 1, "excluded_lines": 0, "percent_statements_covered": 0.0, "percent_statements_covered_display": "0"}, "missing_lines": [202], "excluded_lines": [], "start_line": 200}, "ComputedSettings.CEREBRASAI_API_KEY": {"executed_lines": [], "summary": {"covered_lines": 0, "num_statements": 1, "percent_covered": 0.0, "percent_covered_display": "0", "missing_lines": 1, "excluded_lines": 0, "percent_statements_covered": 0.0, "percent_statements_covered_display": "0"}, "missing_lines": [207], "excluded_lines": [], "start_line": 205}, "": {"executed_lines": [], "summary": {"covered_lines": 0, "num_statements": 93, "percent_covered": 0.0, "percent_covered_display": "0", "missing_lines": 93, "excluded_lines": 0, "percent_statements_covered": 0.0, "percent_statements_covered_display": "0"}, "missing_lines": [8, 9, 11, 12, 15, 19, 20, 21, 23, 24, 25, 32, 35, 36, 37, 40, 50, 51, 52, 53, 56, 57, 58, 59, 60, 64, 66, 68, 71, 72, 73, 76, 77, 80, 81, 84, 85, 86, 89, 90, 91, 94, 95, 96, 99, 100, 104, 105, 106, 107, 108, 111, 112, 115, 116, 117, 120, 121, 124, 125, 126, 127, 128, 129, 130, 132, 140, 141, 151, 155, 158, 159, 169, 170, 174, 175, 179, 180, 184, 185, 189, 190, 194, 195, 199, 200, 204, 205, 209, 210, 214, 215, 221], "excluded_lines": [], "start_line": 1}}, "classes": {"Settings": {"executed_lines": [], "summary": {"covered_lines": 0, "num_statements": 5, "percent_covered": 0.0, "percent_covered_display": "0", "missing_lines": 5, "excluded_lines": 0, "percent_statements_covered": 0.0, "percent_statements_covered_display": "0"}, "missing_lines": [27, 28, 29, 30, 31], "excluded_lines": [], "start_line": 15}, "ComputedSettings": {"executed_lines": [], "summary": {"covered_lines": 0, "num_statements": 16, "percent_covered": 0.0, "percent_covered_display": "0", "missing_lines": 16, "excluded_lines": 0, "percent_statements_covered": 0.0, "percent_statements_covered_display": "0"}, "missing_lines": [161, 162, 164, 165, 166, 167, 172, 177, 182, 187, 192, 197, 202, 207, 212, 217], "excluded_lines": [], "start_line": 155}, "": {"executed_lines": [], "summary": {"covered_lines": 0, "num_statements": 94, "percent_covered": 0.0, "percent_covered_display": "0", "missing_lines": 94, "excluded_lines": 0, "percent_statements_covered": 0.0, "percent_statements_covered_display": "0"}, "missing_lines": [8, 9, 11, 12, 15, 19, 20, 21, 23, 24, 25, 32, 35, 36, 37, 40, 50, 51, 52, 53, 56, 57, 58, 59, 60, 64, 66, 68, 71, 72, 73, 76, 77, 80, 81, 84, 85, 86, 89, 90, 91, 94, 95, 96, 99, 100, 104, 105, 106, 107, 108, 111, 112, 115, 116, 117, 120, 121, 124, 125, 126, 127, 128, 129, 130, 132, 140, 141, 147, 151, 155, 158, 159, 169, 170, 174, 175, 179, 180, 184, 185, 189, 190, 194, 195, 199, 200, 204, 205, 209, 210, 214, 215, 221], "excluded_lines": [], "start_line": 1}}}, "app/config/__init__.py": {"executed_lines": [3, 4, 7, 9], "summary": {"covered_lines": 4, "num_statements": 4, "percent_covered": 100.0, "percent_covered_display": "100", "missing_lines": 0, "excluded_lines": 0, "percent_statements_covered": 100.0, "percent_statements_covered_display": "100"}, "missing_lines": [], "excluded_lines": [], "functions": {"": {"executed_lines": [3, 4, 7, 9], "summary": {"covered_lines": 4, "num_statements": 4, "percent_covered": 100.0, "percent_covered_display": "100", "missing_lines": 0, "excluded_lines": 0, "percent_statements_covered": 100.0, "percent_statements_covered_display": "100"}, "missing_lines": [], "excluded_lines": [], "start_line": 1}}, "classes": {"": {"executed_lines": [3, 4, 7, 9], "summary": {"covered_lines": 4, "num_statements": 4, "percent_covered": 100.0, "percent_covered_display": "100", "missing_lines": 0, "excluded_lines": 0, "percent_statements_covered": 100.0, "percent_statements_covered_display": "100"}, "missing_lines": [], "excluded_lines": [], "start_line": 1}}}, "app/config/logging_config.py": {"executed_lines": [2, 3, 4, 7, 10, 24, 26, 28, 29, 31, 32, 33, 36, 52, 53, 56, 57, 60, 63, 64, 65, 66, 69, 79, 83], "summary": {"covered_lines": 25, "num_statements": 32, "percent_covered": 78.125, "percent_covered_display": "78", "missing_lines": 7, "excluded_lines": 0, "percent_statements_covered": 78.125, "percent_statements_covered_display": "78"}, "missing_lines": [70, 71, 72, 73, 74, 75, 77], "excluded_lines": [], "functions": {"SensitiveDataFilter.filter": {"executed_lines": [26, 28, 29, 31, 32, 33], "summary": {"covered_lines": 6, "num_statements": 6, "percent_covered": 100.0, "percent_covered_display": "100", "missing_lines": 0, "excluded_lines": 0, "percent_statements_covered": 100.0, "percent_statements_covered_display": "100"}, "missing_lines": [], "excluded_lines": [], "start_line": 24}, "setup_secure_logging": {"executed_lines": [52, 53, 56, 57, 60, 63, 64, 65, 66, 69, 79], "summary": {"covered_lines": 11, "num_statements": 18, "percent_covered": 61.111111111111114, "percent_covered_display": "61", "missing_lines": 7, "excluded_lines": 0, "percent_statements_covered": 61.111111111111114, "percent_statements_covered_display": "61"}, "missing_lines": [70, 71, 72, 73, 74, 75, 77], "excluded_lines": [], "start_line": 36}, "": {"executed_lines": [2, 3, 4, 7, 10, 24, 36, 83], "summary": {"covered_lines": 8, "num_statements": 8, "percent_covered": 100.0, "percent_covered_display": "100", "missing_lines": 0, "excluded_lines": 0, "percent_statements_covered": 100.0, "percent_statements_covered_display": "100"}, "missing_lines": [], "excluded_lines": [], "start_line": 1}}, "classes": {"SensitiveDataFilter": {"executed_lines": [26, 28, 29, 31, 32, 33], "summary": {"covered_lines": 6, "num_statements": 6, "percent_covered": 100.0, "percent_covered_display": "100", "missing_lines": 0, "excluded_lines": 0, "percent_statements_covered": 100.0, "percent_statements_covered_display": "100"}, "missing_lines": [], "excluded_lines": [], "start_line": 7}, "": {"executed_lines": [2, 3, 4, 7, 10, 24, 36, 52, 53, 56, 57, 60, 63, 64, 65, 66, 69, 79, 83], "summary": {"covered_lines": 19, "num_statements": 26, "percent_covered": 73.07692307692308, "percent_covered_display": "73", "missing_lines": 7, "excluded_lines": 0, "percent_statements_covered": 73.07692307692308, "percent_statements_covered_display": "73"}, "missing_lines": [70, 71, 72, 73, 74, 75, 77], "excluded_lines": [], "start_line": 1}}}, "app/config/settings.py": {"executed_lines": [2, 3, 5, 8, 12, 13, 14, 15, 18, 19, 20, 23, 24, 25, 28, 29, 30, 31, 32, 35, 36, 39, 42, 45, 46, 49, 50, 53, 54, 56, 59, 60, 61, 63, 66, 68, 69, 70, 71, 74, 87, 98, 105, 106, 112, 113, 115], "summary": {"covered_lines": 47, "num_statements": 58, "percent_covered": 81.03448275862068, "percent_covered_display": "81", "missing_lines": 11, "excluded_lines": 0, "percent_statements_covered": 81.03448275862068, "percent_statements_covered_display": "81"}, "missing_lines": [62, 64, 90, 91, 92, 93, 95, 96, 100, 108, 109], "excluded_lines": [], "functions": {"Settings.model_post_init": {"executed_lines": [59, 60, 61, 63], "summary": {"covered_lines": 4, "num_statements": 6, "percent_covered": 66.66666666666667, "percent_covered_display": "67", "missing_lines": 2, "excluded_lines": 0, "percent_statements_covered": 66.66666666666667, "percent_statements_covered_display": "67"}, "missing_lines": [62, 64], "excluded_lines": [], "start_line": 56}, "Settings.__repr__": {"executed_lines": [], "summary": {"covered_lines": 0, "num_statements": 6, "percent_covered": 0.0, "percent_covered_display": "0", "missing_lines": 6, "excluded_lines": 0, "percent_statements_covered": 0.0, "percent_statements_covered_display": "0"}, "missing_lines": [90, 91, 92, 93, 95, 96], "excluded_lines": [], "start_line": 87}, "Settings.get_database_config": {"executed_lines": [], "summary": {"covered_lines": 0, "num_statements": 1, "percent_covered": 0.0, "percent_covered_display": "0", "missing_lines": 1, "excluded_lines": 0, "percent_statements_covered": 0.0, "percent_statements_covered_display": "0"}, "missing_lines": [100], "excluded_lines": [], "start_line": 98}, "Settings._mask_mongodb_uri": {"executed_lines": [], "summary": {"covered_lines": 0, "num_statements": 2, "percent_covered": 0.0, "percent_covered_display": "0", "missing_lines": 2, "excluded_lines": 0, "percent_statements_covered": 0.0, "percent_statements_covered_display": "0"}, "missing_lines": [108, 109], "excluded_lines": [], "start_line": 106}, "get_settings": {"executed_lines": [115], "summary": {"covered_lines": 1, "num_statements": 1, "percent_covered": 100.0, "percent_covered_display": "100", "missing_lines": 0, "excluded_lines": 0, "percent_statements_covered": 100.0, "percent_statements_covered_display": "100"}, "missing_lines": [], "excluded_lines": [], "start_line": 113}, "": {"executed_lines": [2, 3, 5, 8, 12, 13, 14, 15, 18, 19, 20, 23, 24, 25, 28, 29, 30, 31, 32, 35, 36, 39, 42, 45, 46, 49, 50, 53, 54, 56, 66, 68, 69, 70, 71, 74, 87, 98, 105, 106, 112, 113], "summary": {"covered_lines": 42, "num_statements": 42, "percent_covered": 100.0, "percent_covered_display": "100", "missing_lines": 0, "excluded_lines": 0, "percent_statements_covered": 100.0, "percent_statements_covered_display": "100"}, "missing_lines": [], "excluded_lines": [], "start_line": 1}}, "classes": {"Settings": {"executed_lines": [59, 60, 61, 63], "summary": {"covered_lines": 4, "num_statements": 15, "percent_covered": 26.666666666666668, "percent_covered_display": "27", "missing_lines": 11, "excluded_lines": 0, "percent_statements_covered": 26.666666666666668, "percent_statements_covered_display": "27"}, "missing_lines": [62, 64, 90, 91, 92, 93, 95, 96, 100, 108, 109], "excluded_lines": [], "start_line": 8}, "Settings.Config": {"executed_lines": [], "summary": {"covered_lines": 0, "num_statements": 0, "percent_covered": 100.0, "percent_covered_display": "100", "missing_lines": 0, "excluded_lines": 0, "percent_statements_covered": 100.0, "percent_statements_covered_display": "100"}, "missing_lines": [], "excluded_lines": [], "start_line": 66}, "": {"executed_lines": [2, 3, 5, 8, 12, 13, 14, 15, 18, 19, 20, 23, 24, 25, 28, 29, 30, 31, 32, 35, 36, 39, 42, 45, 46, 49, 50, 53, 54, 56, 66, 68, 69, 70, 71, 74, 87, 98, 105, 106, 112, 113, 115], "summary": {"covered_lines": 43, "num_statements": 43, "percent_covered": 100.0, "percent_covered_display": "100", "missing_lines": 0, "excluded_lines": 0, "percent_statements_covered": 100.0, "percent_statements_covered_display": "100"}, "missing_lines": [], "excluded_lines": [], "start_line": 1}}}, "app/config/templates.py": {"executed_lines": [7, 10, 14, 53, 72, 73, 75, 77, 78, 80, 82, 84, 85, 89, 90, 95, 96, 101, 102, 106, 107], "summary": {"covered_lines": 21, "num_statements": 32, "percent_covered": 65.625, "percent_covered_display": "66", "missing_lines": 11, "excluded_lines": 0, "percent_statements_covered": 65.625, "percent_statements_covered_display": "66"}, "missing_lines": [87, 92, 93, 98, 99, 104, 109, 110, 111, 112, 117], "excluded_lines": [], "functions": {"TemplateConfig.get_valid_templates": {"executed_lines": [75], "summary": {"covered_lines": 1, "num_statements": 1, "percent_covered": 100.0, "percent_covered_display": "100", "missing_lines": 0, "excluded_lines": 0, "percent_statements_covered": 100.0, "percent_statements_covered_display": "100"}, "missing_lines": [], "excluded_lines": [], "start_line": 73}, "TemplateConfig.get_template_pattern": {"executed_lines": [80, 82], "summary": {"covered_lines": 2, "num_statements": 2, "percent_covered": 100.0, "percent_covered_display": "100", "missing_lines": 0, "excluded_lines": 0, "percent_statements_covered": 100.0, "percent_statements_covered_display": "100"}, "missing_lines": [], "excluded_lines": [], "start_line": 78}, "TemplateConfig.resolve_template": {"executed_lines": [], "summary": {"covered_lines": 0, "num_statements": 1, "percent_covered": 0.0, "percent_covered_display": "0", "missing_lines": 1, "excluded_lines": 0, "percent_statements_covered": 0.0, "percent_statements_covered_display": "0"}, "missing_lines": [87], "excluded_lines": [], "start_line": 85}, "TemplateConfig.is_valid_template": {"executed_lines": [], "summary": {"covered_lines": 0, "num_statements": 2, "percent_covered": 0.0, "percent_covered_display": "0", "missing_lines": 2, "excluded_lines": 0, "percent_statements_covered": 0.0, "percent_statements_covered_display": "0"}, "missing_lines": [92, 93], "excluded_lines": [], "start_line": 90}, "TemplateConfig.get_template_description": {"executed_lines": [], "summary": {"covered_lines": 0, "num_statements": 2, "percent_covered": 0.0, "percent_covered_display": "0", "missing_lines": 2, "excluded_lines": 0, "percent_statements_covered": 0.0, "percent_statements_covered_display": "0"}, "missing_lines": [98, 99], "excluded_lines": [], "start_line": 96}, "TemplateConfig.get_active_templates": {"executed_lines": [], "summary": {"covered_lines": 0, "num_statements": 1, "percent_covered": 0.0, "percent_covered_display": "0", "missing_lines": 1, "excluded_lines": 0, "percent_statements_covered": 0.0, "percent_statements_covered_display": "0"}, "missing_lines": [104], "excluded_lines": [], "start_line": 102}, "TemplateConfig.get_template_table_data": {"executed_lines": [], "summary": {"covered_lines": 0, "num_statements": 5, "percent_covered": 0.0, "percent_covered_display": "0", "missing_lines": 5, "excluded_lines": 0, "percent_statements_covered": 0.0, "percent_statements_covered_display": "0"}, "missing_lines": [109, 110, 111, 112, 117], "excluded_lines": [], "start_line": 107}, "": {"executed_lines": [7, 10, 14, 53, 72, 73, 77, 78, 84, 85, 89, 90, 95, 96, 101, 102, 106, 107], "summary": {"covered_lines": 18, "num_statements": 18, "percent_covered": 100.0, "percent_covered_display": "100", "missing_lines": 0, "excluded_lines": 0, "percent_statements_covered": 100.0, "percent_statements_covered_display": "100"}, "missing_lines": [], "excluded_lines": [], "start_line": 1}}, "classes": {"TemplateConfig": {"executed_lines": [75, 80, 82], "summary": {"covered_lines": 3, "num_statements": 14, "percent_covered": 21.428571428571427, "percent_covered_display": "21", "missing_lines": 11, "excluded_lines": 0, "percent_statements_covered": 21.428571428571427, "percent_statements_covered_display": "21"}, "missing_lines": [87, 92, 93, 98, 99, 104, 109, 110, 111, 112, 117], "excluded_lines": [], "start_line": 10}, "": {"executed_lines": [7, 10, 14, 53, 72, 73, 77, 78, 84, 85, 89, 90, 95, 96, 101, 102, 106, 107], "summary": {"covered_lines": 18, "num_statements": 18, "percent_covered": 100.0, "percent_covered_display": "100", "missing_lines": 0, "excluded_lines": 0, "percent_statements_covered": 100.0, "percent_statements_covered_display": "100"}, "missing_lines": [], "excluded_lines": [], "start_line": 1}}}, "app/config/unified_settings.py": {"executed_lines": [], "summary": {"covered_lines": 0, "num_statements": 124, "percent_covered": 0.0, "percent_covered_display": "0", "missing_lines": 124, "excluded_lines": 0, "percent_statements_covered": 0.0, "percent_statements_covered_display": "0"}, "missing_lines": [7, 8, 9, 11, 12, 15, 19, 20, 21, 22, 24, 25, 26, 28, 29, 30, 31, 32, 35, 36, 37, 40, 55, 56, 57, 58, 61, 62, 63, 64, 65, 69, 73, 77, 80, 84, 85, 88, 94, 95, 98, 102, 103, 106, 107, 108, 111, 112, 116, 119, 120, 127, 128, 129, 130, 131, 134, 135, 136, 137, 138, 141, 144, 145, 146, 149, 150, 153, 154, 155, 156, 159, 172, 179, 181, 182, 183, 184, 186, 187, 189, 191, 196, 197, 199, 201, 202, 204, 206, 207, 209, 211, 212, 214, 216, 217, 219, 220, 221, 222, 223, 224, 226, 227, 229, 230, 231, 232, 233, 234, 236, 238, 239, 241, 242, 243, 244, 245, 246, 247, 250, 251, 257, 261], "excluded_lines": [], "functions": {"Settings.parse_debug": {"executed_lines": [], "summary": {"covered_lines": 0, "num_statements": 5, "percent_covered": 0.0, "percent_covered_display": "0", "missing_lines": 5, "excluded_lines": 0, "percent_statements_covered": 0.0, "percent_statements_covered_display": "0"}, "missing_lines": [28, 29, 30, 31, 32], "excluded_lines": [], "start_line": 26}, "Settings.__repr__": {"executed_lines": [], "summary": {"covered_lines": 0, "num_statements": 6, "percent_covered": 0.0, "percent_covered_display": "0", "missing_lines": 6, "excluded_lines": 0, "percent_statements_covered": 0.0, "percent_statements_covered_display": "0"}, "missing_lines": [181, 182, 183, 184, 186, 187], "excluded_lines": [], "start_line": 179}, "Settings.get_database_config": {"executed_lines": [], "summary": {"covered_lines": 0, "num_statements": 1, "percent_covered": 0.0, "percent_covered_display": "0", "missing_lines": 1, "excluded_lines": 0, "percent_statements_covered": 0.0, "percent_statements_covered_display": "0"}, "missing_lines": [191], "excluded_lines": [], "start_line": 189}, "Settings._mask_mongodb_uri": {"executed_lines": [], "summary": {"covered_lines": 0, "num_statements": 1, "percent_covered": 0.0, "percent_covered_display": "0", "missing_lines": 1, "excluded_lines": 0, "percent_statements_covered": 0.0, "percent_statements_covered_display": "0"}, "missing_lines": [199], "excluded_lines": [], "start_line": 197}, "Settings.is_development": {"executed_lines": [], "summary": {"covered_lines": 0, "num_statements": 1, "percent_covered": 0.0, "percent_covered_display": "0", "missing_lines": 1, "excluded_lines": 0, "percent_statements_covered": 0.0, "percent_statements_covered_display": "0"}, "missing_lines": [204], "excluded_lines": [], "start_line": 202}, "Settings.is_production": {"executed_lines": [], "summary": {"covered_lines": 0, "num_statements": 1, "percent_covered": 0.0, "percent_covered_display": "0", "missing_lines": 1, "excluded_lines": 0, "percent_statements_covered": 0.0, "percent_statements_covered_display": "0"}, "missing_lines": [209], "excluded_lines": [], "start_line": 207}, "Settings.is_staging": {"executed_lines": [], "summary": {"covered_lines": 0, "num_statements": 1, "percent_covered": 0.0, "percent_covered_display": "0", "missing_lines": 1, "excluded_lines": 0, "percent_statements_covered": 0.0, "percent_statements_covered_display": "0"}, "missing_lines": [214], "excluded_lines": [], "start_line": 212}, "Settings.mongodb_uri_with_auth": {"executed_lines": [], "summary": {"covered_lines": 0, "num_statements": 6, "percent_covered": 0.0, "percent_covered_display": "0", "missing_lines": 6, "excluded_lines": 0, "percent_statements_covered": 0.0, "percent_statements_covered_display": "0"}, "missing_lines": [219, 220, 221, 222, 223, 224], "excluded_lines": [], "start_line": 217}, "Settings.active_ai_provider": {"executed_lines": [], "summary": {
[...]
62, 163, 165, 166, 168, 183, 184, 186, 189, 192, 193, 195, 196, 199, 200, 203, 219, 220, 222, 224, 225, 228, 229, 232, 233, 237, 238, 240, 242, 243, 244, 245, 261, 262, 264, 266, 267, 272, 288, 289, 290, 291, 292, 293, 295, 296, 298, 300, 301, 304, 319, 321, 322, 323, 325, 327, 328, 331, 332, 333, 334, 335, 337, 338, 340, 356, 358, 359, 360, 361, 363, 364, 365, 366, 367, 369, 370, 372, 374, 387, 388, 389, 390, 392, 395, 396, 399, 406, 407, 408, 409, 425, 426, 427, 428, 429, 430, 431, 432, 434, 435, 437], "excluded_lines": [], "functions": {"ValidationHelper.validate_url": {"executed_lines": [32, 35, 37, 38, 41, 42, 46, 50, 55, 56, 58, 63, 66, 68, 69, 70], "summary": {"covered_lines": 16, "num_statements": 21, "percent_covered": 76.19047619047619, "percent_covered_display": "76", "missing_lines": 5, "excluded_lines": 0, "percent_statements_covered": 76.19047619047619, "percent_statements_covered_display": "76"}, "missing_lines": [33, 47, 59, 64, 71], "excluded_lines": [], "start_line": 20}, "ValidationHelper.validate_text_input": {"executed_lines": [94, 95, 97, 99, 100, 103, 108, 118, 119, 124, 125, 126, 127, 132], "summary": {"covered_lines": 14, "num_statements": 18, "percent_covered": 77.77777777777777, "percent_covered_display": "78", "missing_lines": 4, "excluded_lines": 0, "percent_statements_covered": 77.77777777777777, "percent_statements_covered_display": "78"}, "missing_lines": [104, 120, 128, 130], "excluded_lines": [], "start_line": 74}, "ValidationHelper.validate_email": {"executed_lines": [], "summary": {"covered_lines": 0, "num_statements": 13, "percent_covered": 0.0, "percent_covered_display": "0", "missing_lines": 13, "excluded_lines": 0, "percent_statements_covered": 0.0, "percent_statements_covered_display": "0"}, "missing_lines": [147, 148, 150, 153, 155, 156, 159, 160, 162, 163, 165, 166, 168], "excluded_lines": [], "start_line": 135}, "ValidationHelper.validate_phone_number": {"executed_lines": [], "summary": {"covered_lines": 0, "num_statements": 11, "percent_covered": 0.0, "percent_covered_display": "0", "missing_lines": 11, "excluded_lines": 0, "percent_statements_covered": 0.0, "percent_statements_covered_display": "0"}, "missing_lines": [183, 184, 186, 189, 192, 193, 195, 196, 199, 200, 203], "excluded_lines": [], "start_line": 171}, "ValidationHelper.validate_file_path": {"executed_lines": [], "summary": {"covered_lines": 0, "num_statements": 16, "percent_covered": 0.0, "percent_covered_display": "0", "missing_lines": 16, "excluded_lines": 0, "percent_statements_covered": 0.0, "percent_statements_covered_display": "0"}, "missing_lines": [219, 220, 222, 224, 225, 228, 229, 232, 233, 237, 238, 240, 242, 243, 244, 245], "excluded_lines": [], "start_line": 206}, "ValidationHelper.validate_template_name": {"executed_lines": [], "summary": {"covered_lines": 0, "num_statements": 6, "percent_covered": 0.0, "percent_covered_display": "0", "missing_lines": 6, "excluded_lines": 0, "percent_statements_covered": 0.0, "percent_statements_covered_display": "0"}, "missing_lines": [261, 262, 264, 266, 267, 272], "excluded_lines": [], "start_line": 248}, "ValidationHelper.validate_json_structure": {"executed_lines": [], "summary": {"covered_lines": 0, "num_statements": 12, "percent_covered": 0.0, "percent_covered_display": "0", "missing_lines": 12, "excluded_lines": 0, "percent_statements_covered": 0.0, "percent_statements_covered_display": "0"}, "missing_lines": [288, 289, 290, 291, 292, 293, 295, 296, 298, 300, 301, 304], "excluded_lines": [], "start_line": 275}, "ValidationHelper.validate_skill_list": {"executed_lines": [], "summary": {"covered_lines": 0, "num_statements": 15, "percent_covered": 0.0, "percent_covered_display": "0", "missing_lines": 15, "excluded_lines": 0, "percent_statements_covered": 0.0, "percent_statements_covered_display": "0"}, "missing_lines": [319, 321, 322, 323, 325, 327, 328, 331, 332, 333, 334, 335, 337, 338, 340], "excluded_lines": [], "start_line": 307}, "ValidationHelper.validate_date_range": {"executed_lines": [], "summary": {"covered_lines": 0, "num_statements": 14, "percent_covered": 0.0, "percent_covered_display": "0", "missing_lines": 14, "excluded_lines": 0, "percent_statements_covered": 0.0, "percent_statements_covered_display": "0"}, "missing_lines": [356, 358, 359, 360, 361, 363, 364, 365, 366, 367, 369, 370, 372, 374], "excluded_lines": [], "start_line": 343}, "ValidationHelper.sanitize_filename": {"executed_lines": [], "summary": {"covered_lines": 0, "num_statements": 8, "percent_covered": 0.0, "percent_covered_display": "0", "missing_lines": 8, "excluded_lines": 0, "percent_statements_covered": 0.0, "percent_statements_covered_display": "0"}, "missing_lines": [387, 388, 389, 390, 392, 395, 396, 399], "excluded_lines": [], "start_line": 377}, "EnhancedValidationError.__init__": {"executed_lines": [], "summary": {"covered_lines": 0, "num_statements": 4, "percent_covered": 0.0, "percent_covered_display": "0", "missing_lines": 4, "excluded_lines": 0, "percent_statements_covered": 0.0, "percent_statements_covered_display": "0"}, "missing_lines": [406, 407, 408, 409], "excluded_lines": [], "start_line": 405}, "validate_pydantic_model": {"executed_lines": [], "summary": {"covered_lines": 0, "num_statements": 11, "percent_covered": 0.0, "percent_covered_display": "0", "missing_lines": 11, "excluded_lines": 0, "percent_statements_covered": 0.0, "percent_statements_covered_display": "0"}, "missing_lines": [425, 426, 427, 428, 429, 430, 431, 432, 434, 435, 437], "excluded_lines": [], "start_line": 412}, "": {"executed_lines": [3, 4, 5, 6, 7, 9, 10, 11, 13, 16, 19, 20, 73, 74, 134, 135, 170, 171, 205, 206, 247, 248, 274, 275, 306, 307, 342, 343, 376, 377, 402, 405, 412], "summary": {"covered_lines": 33, "num_statements": 33, "percent_covered": 100.0, "percent_covered_display": "100", "missing_lines": 0, "excluded_lines": 0, "percent_statements_covered": 100.0, "percent_statements_covered_display": "100"}, "missing_lines": [], "excluded_lines": [], "start_line": 1}}, "classes": {"ValidationHelper": {"executed_lines": [32, 35, 37, 38, 41, 42, 46, 50, 55, 56, 58, 63, 66, 68, 69, 70, 94, 95, 97, 99, 100, 103, 108, 118, 119, 124, 125, 126, 127, 132], "summary": {"covered_lines": 30, "num_statements": 134, "percent_covered": 22.388059701492537, "percent_covered_display": "22", "missing_lines": 104, "excluded_lines": 0, "percent_statements_covered": 22.388059701492537, "percent_statements_covered_display": "22"}, "missing_lines": [33, 47, 59, 64, 71, 104, 120, 128, 130, 147, 148, 150, 153, 155, 156, 159, 160, 162, 163, 165, 166, 168, 183, 184, 186, 189, 192, 193, 195, 196, 199, 200, 203, 219, 220, 222, 224, 225, 228, 229, 232, 233, 237, 238, 240, 242, 243, 244, 245, 261, 262, 264, 266, 267, 272, 288, 289, 290, 291, 292, 293, 295, 296, 298, 300, 301, 304, 319, 321, 322, 323, 325, 327, 328, 331, 332, 333, 334, 335, 337, 338, 340, 356, 358, 359, 360, 361, 363, 364, 365, 366, 367, 369, 370, 372, 374, 387, 388, 389, 390, 392, 395, 396, 399], "excluded_lines": [], "start_line": 16}, "EnhancedValidationError": {"executed_lines": [], "summary": {"covered_lines": 0, "num_statements": 4, "percent_covered": 0.0, "percent_covered_display": "0", "missing_lines": 4, "excluded_lines": 0, "percent_statements_covered": 0.0, "percent_statements_covered_display": "0"}, "missing_lines": [406, 407, 408, 409], "excluded_lines": [], "start_line": 402}, "": {"executed_lines": [3, 4, 5, 6, 7, 9, 10, 11, 13, 16, 19, 20, 73, 74, 134, 135, 170, 171, 205, 206, 247, 248, 274, 275, 306, 307, 342, 343, 376, 377, 402, 405, 412], "summary": {"covered_lines": 33, "num_statements": 44, "percent_covered": 75.0, "percent_covered_display": "75", "missing_lines": 11, "excluded_lines": 0, "percent_statements_covered": 75.0, "percent_statements_covered_display": "75"}, "missing_lines": [425, 426, 427, 428, 429, 430, 431, 432, 434, 435, 437], "excluded_lines": [], "start_line": 1}}}, "app/utils/vision.py": {"executed_lines": [], "summary": {"covered_lines": 0, "num_statements": 60, "percent_covered": 0.0, "percent_covered_display": "0", "missing_lines": 60, "excluded_lines": 0, "percent_statements_covered": 0.0, "percent_statements_covered_display": "0"}, "missing_lines": [8, 9, 11, 12, 13, 14, 17, 29, 40, 41, 42, 43, 45, 58, 59, 60, 62, 63, 64, 65, 66, 67, 69, 70, 84, 85, 86, 87, 88, 89, 90, 91, 93, 94, 100, 101, 102, 103, 104, 105, 107, 108, 120, 121, 122, 123, 125, 126, 127, 128, 129, 130, 133, 134, 135, 136, 138, 139, 140, 142], "excluded_lines": [], "functions": {"OCRVision.__init__": {"executed_lines": [], "summary": {"covered_lines": 0, "num_statements": 4, "percent_covered": 0.0, "percent_covered_display": "0", "missing_lines": 4, "excluded_lines": 0, "percent_statements_covered": 0.0, "percent_statements_covered_display": "0"}, "missing_lines": [40, 41, 42, 43], "excluded_lines": [], "start_line": 29}, "OCRVision.pdf_to_images": {"executed_lines": [], "summary": {"covered_lines": 0, "num_statements": 9, "percent_covered": 0.0, "percent_covered_display": "0", "missing_lines": 9, "excluded_lines": 0, "percent_statements_covered": 0.0, "percent_statements_covered_display": "0"}, "missing_lines": [58, 59, 60, 62, 63, 64, 65, 66, 67], "excluded_lines": [], "start_line": 45}, "OCRVision.save_images": {"executed_lines": [], "summary": {"covered_lines": 0, "num_statements": 8, "percent_covered": 0.0, "percent_covered_display": "0", "missing_lines": 8, "excluded_lines": 0, "percent_statements_covered": 0.0, "percent_statements_covered_display": "0"}, "missing_lines": [84, 85, 86, 87, 88, 89, 90, 91], "excluded_lines": [], "start_line": 70}, "OCRVision.delete_images": {"executed_lines": [], "summary": {"covered_lines": 0, "num_statements": 6, "percent_covered": 0.0, "percent_covered_display": "0", "missing_lines": 6, "excluded_lines": 0, "percent_statements_covered": 0.0, "percent_statements_covered_display": "0"}, "missing_lines": [100, 101, 102, 103, 104, 105], "excluded_lines": [], "start_line": 94}, "OCRVision.ocr_image": {"executed_lines": [], "summary": {"covered_lines": 0, "num_statements": 10, "percent_covered": 0.0, "percent_covered_display": "0", "missing_lines": 10, "excluded_lines": 0, "percent_statements_covered": 0.0, "percent_statements_covered_display": "0"}, "missing_lines": [120, 121, 122, 123, 125, 126, 127, 128, 129, 130], "excluded_lines": [], "start_line": 108}, "": {"executed_lines": [], "summary": {"covered_lines": 0, "num_statements": 23, "percent_covered": 0.0, "percent_covered_display": "0", "missing_lines": 23, "excluded_lines": 0, "percent_statements_covered": 0.0, "percent_statements_covered_display": "0"}, "missing_lines": [8, 9, 11, 12, 13, 14, 17, 29, 45, 69, 70, 93, 94, 107, 108, 133, 134, 135, 136, 138, 139, 140, 142], "excluded_lines": [], "start_line": 1}}, "classes": {"OCRVision": {"executed_lines": [], "summary": {"covered_lines": 0, "num_statements": 37, "percent_covered": 0.0, "percent_covered_display": "0", "missing_lines": 37, "excluded_lines": 0, "percent_statements_covered": 0.0, "percent_statements_covered_display": "0"}, "missing_lines": [40, 41, 42, 43, 58, 59, 60, 62, 63, 64, 65, 66, 67, 84, 85, 86, 87, 88, 89, 90, 91, 100, 101, 102, 103, 104, 105, 120, 121, 122, 123, 125, 126, 127, 128, 129, 130], "excluded_lines": [], "start_line": 17}, "": {"executed_lines": [], "summary": {"covered_lines": 0, "num_statements": 23, "percent_covered": 0.0, "percent_covered_display": "0", "missing_lines": 23, "excluded_lines": 0, "percent_statements_covered": 0.0, "percent_statements_covered_display": "0"}, "missing_lines": [8, 9, 11, 12, 13, 14, 17, 29, 45, 69, 70, 93, 94, 107, 108, 133, 134, 135, 136, 138, 139, 140, 142], "excluded_lines": [], "start_line": 1}}}, "app/web/base_router.py": {"executed_lines": [7, 10, 18, 25], "summary": {"covered_lines": 4, "num_statements": 4, "percent_covered": 100.0, "percent_covered_display": "100", "missing_lines": 0, "excluded_lines": 0, "percent_statements_covered": 100.0, "percent_statements_covered_display": "100"}, "missing_lines": [], "excluded_lines": [], "functions": {"WebRouter.__init__": {"executed_lines": [25], "summary": {"covered_lines": 1, "num_statements": 1, "percent_covered": 100.0, "percent_covered_display": "100", "missing_lines": 0, "excluded_lines": 0, "percent_statements_covered": 100.0, "percent_statements_covered_display": "100"}, "missing_lines": [], "excluded_lines": [], "start_line": 18}, "": {"executed_lines": [7, 10, 18], "summary": {"covered_lines": 3, "num_statements": 3, "percent_covered": 100.0, "percent_covered_display": "100", "missing_lines": 0, "excluded_lines": 0, "percent_statements_covered": 100.0, "percent_statements_covered_display": "100"}, "missing_lines": [], "excluded_lines": [], "start_line": 1}}, "classes": {"WebRouter": {"executed_lines": [25], "summary": {"covered_lines": 1, "num_statements": 1, "percent_covered": 100.0, "percent_covered_display": "100", "missing_lines": 0, "excluded_lines": 0, "percent_statements_covered": 100.0, "percent_statements_covered_display": "100"}, "missing_lines": [], "excluded_lines": [], "start_line": 10}, "": {"executed_lines": [7, 10, 18], "summary": {"covered_lines": 3, "num_statements": 3, "percent_covered": 100.0, "percent_covered_display": "100", "missing_lines": 0, "excluded_lines": 0, "percent_statements_covered": 100.0, "percent_statements_covered_display": "100"}, "missing_lines": [], "excluded_lines": [], "start_line": 1}}}, "app/web/core.py": {"executed_lines": [8, 10, 11, 12, 14, 17, 18, 20, 23, 29, 47, 53, 71, 77], "summary": {"covered_lines": 14, "num_statements": 17, "percent_covered": 82.3529411764706, "percent_covered_display": "82", "missing_lines": 3, "excluded_lines": 0, "percent_statements_covered": 82.3529411764706, "percent_statements_covered_display": "82"}, "missing_lines": [44, 68, 89], "excluded_lines": [], "functions": {"home": {"executed_lines": [], "summary": {"covered_lines": 0, "num_statements": 1, "percent_covered": 0.0, "percent_covered_display": "0", "missing_lines": 1, "excluded_lines": 0, "percent_statements_covered": 0.0, "percent_statements_covered_display": "0"}, "missing_lines": [44], "excluded_lines": [], "start_line": 29}, "about": {"executed_lines": [], "summary": {"covered_lines": 0, "num_statements": 1, "percent_covered": 0.0, "percent_covered_display": "0", "missing_lines": 1, "excluded_lines": 0, "percent_statements_covered": 0.0, "percent_statements_covered_display": "0"}, "missing_lines": [68], "excluded_lines": [], "start_line": 53}, "contribution": {"executed_lines": [], "summary": {"covered_lines": 0, "num_statements": 1, "percent_covered": 0.0, "percent_covered_display": "0", "missing_lines": 1, "excluded_lines": 0, "percent_statements_covered": 0.0, "percent_statements_covered_display": "0"}, "missing_lines": [89], "excluded_lines": [], "start_line": 77}, "": {"executed_lines": [8, 10, 11, 12, 14, 17, 18, 20, 23, 29, 47, 53, 71, 77], "summary": {"covered_lines": 14, "num_statements": 14, "percent_covered": 100.0, "percent_covered_display": "100", "missing_lines": 0, "excluded_lines": 0, "percent_statements_covered": 100.0, "percent_statements_covered_display": "100"}, "missing_lines": [], "excluded_lines": [], "start_line": 1}}, "classes": {"": {"executed_lines": [8, 10, 11, 12, 14, 17, 18, 20, 23, 29, 47, 53, 71, 77], "summary": {"covered_lines": 14, "num_statements": 17, "percent_covered": 82.3529411764706, "percent_covered_display": "82", "missing_lines": 3, "excluded_lines": 0, "percent_statements_covered": 82.3529411764706, "percent_statements_covered_display": "82"}, "missing_lines": [44, 68, 89], "excluded_lines": [], "start_line": 1}}}, "app/web/dashboard.py": {"executed_lines": [8, 9, 10, 12, 14, 15, 18, 24, 42, 48, 66, 72, 90, 96, 115, 121, 145, 151, 178, 184, 202, 208], "summary": {"covered_lines": 22, "num_statements": 30, "percent_covered": 73.33333333333333, "percent_covered_display": "73", "missing_lines": 8, "excluded_lines": 0, "percent_statements_covered": 73.33333333333333, "percent_statements_covered_display": "73"}, "missing_lines": [39, 63, 87, 112, 140, 168, 199, 223], "excluded_lines": [], "functions": {"dashboard": {"executed_lines": [], "summary": {"covered_lines": 0, "num_statements": 1, "percent_covered": 0.0, "percent_covered_display": "0", "missing_lines": 1, "excluded_lines": 0, "percent_statements_covered": 0.0, "percent_statements_covered_display": "0"}, "missing_lines": [39], "excluded_lines": [], "start_line": 24}, "master_cv_management": {"executed_lines": [], "summary": {"covered_lines": 0, "num_statements": 1, "percent_covered": 0.0, "percent_covered_display": "0", "missing_lines": 1, "excluded_lines": 0, "percent_statements_covered": 0.0, "percent_statements_covered_display": "0"}, "missing_lines": [63], "excluded_lines": [], "start_line": 48}, "template_gallery": {"executed_lines": [], "summary": {"covered_lines": 0, "num_statements": 1, "percent_covered": 0.0, "percent_covered_display": "0", "missing_lines": 1, "excluded_lines": 0, "percent_statements_covered": 0.0, "percent_statements_covered_display": "0"}, "missing_lines": [87], "excluded_lines": [], "start_line": 72}, "create_resume": {"executed_lines": [], "summary": {"covered_lines": 0, "num_statements": 1, "percent_covered": 0.0, "percent_covered_display": "0", "missing_lines": 1, "excluded_lines": 0, "percent_statements_covered": 0.0, "percent_statements_covered_display": "0"}, "missing_lines": [112], "excluded_lines": [], "start_line": 96}, "view_resume": {"executed_lines": [], "summary": {"covered_lines": 0, "num_statements": 1, "percent_covered": 0.0, "percent_covered_display": "0", "missing_lines": 1, "excluded_lines": 0, "percent_statements_covered": 0.0, "percent_statements_covered_display": "0"}, "missing_lines": [140], "excluded_lines": [], "start_line": 121}, "optimize_resume_page": {"executed_lines": [], "summary": {"covered_lines": 0, "num_statements": 1, "percent_covered": 0.0, "percent_covered_display": "0", "missing_lines": 1, "excluded_lines": 0, "percent_statements_covered": 0.0, "percent_statements_covered_display": "0"}, "missing_lines": [168], "excluded_lines": [], "start_line": 151}, "cover_letter_composer": {"executed_lines": [], "summary": {"covered_lines": 0, "num_statements": 1, "percent_covered": 0.0, "percent_covered_display": "0", "missing_lines": 1, "excluded_lines": 0, "percent_statements_covered": 0.0, "percent_statements_covered_display": "0"}, "missing_lines": [199], "excluded_lines": [], "start_line": 184}, "settings": {"executed_lines": [], "summary": {"covered_lines": 0, "num_statements": 1, "percent_covered": 0.0, "percent_covered_display": "0", "missing_lines": 1, "excluded_lines": 0, "percent_statements_covered": 0.0, "percent_statements_covered_display": "0"}, "missing_lines": [223], "excluded_lines": [], "start_line": 208}, "": {"executed_lines": [8, 9, 10, 12, 14, 15, 18, 24, 42, 48, 66, 72, 90, 96, 115, 121, 145, 151, 178, 184, 202, 208], "summary": {"covered_lines": 22, "num_statements": 22, "percent_covered": 100.0, "percent_covered_display": "100", "missing_lines": 0, "excluded_lines": 0, "percent_statements_covered": 100.0, "percent_statements_covered_display": "100"}, "missing_lines": [], "excluded_lines": [], "start_line": 1}}, "classes": {"": {"executed_lines": [8, 9, 10, 12, 14, 15, 18, 24, 42, 48, 66, 72, 90, 96, 115, 121, 145, 151, 178, 184, 202, 208], "summary": {"covered_lines": 22, "num_statements": 30, "percent_covered": 73.33333333333333, "percent_covered_display": "73", "missing_lines": 8, "excluded_lines": 0, "percent_statements_covered": 73.33333333333333, "percent_statements_covered_display": "73"}, "missing_lines": [39, 63, 87, 112, 140, 168, 199, 223], "excluded_lines": [], "start_line": 1}}}}, "totals": {"covered_lines": 3151, "num_statements": 7081, "percent_covered": 44.49936449654004, "percent_covered_display": "44", "missing_lines": 3930, "excluded_lines": 0, "percent_statements_covered": 44.49936449654004, "percent_statements_covered_display": "44"}}